<!DOCTYPE html>

<html>
  <head>
  <meta charset='utf-8'>
  <title>TestNG reports</title>

    <link type="text/css" href="testng-reports.css" rel="stylesheet" />  
    <script type="text/javascript" src="jquery-1.7.1.min.js"></script>
    <script type="text/javascript" src="testng-reports.js"></script>
    <script type="text/javascript" src="https://www.google.com/jsapi"></script>
    <script type='text/javascript'>
      google.load('visualization', '1', {packages:['table']});
      google.setOnLoadCallback(drawTable);
      var suiteTableInitFunctions = new Array();
      var suiteTableData = new Array();
    </script>
    <!--
      <script type="text/javascript" src="jquery-ui/js/jquery-ui-1.8.16.custom.min.js"></script>
     -->
  </head>

  <body>
    <div class="top-banner-root">
      <span class="top-banner-title-font">Test results</span>
      <br/>
      <span class="top-banner-font-1">1 suite, 1 failed test</span>
    </div> <!-- top-banner-root -->
    <div class="navigator-root">
      <div class="navigator-suite-header">
        <span>All suites</span>
        <a href="#" class="collapse-all-link" title="Collapse/expand all the suites">
          <img class="collapse-all-icon" src="collapseall.gif">
          </img> <!-- collapse-all-icon -->
        </a> <!-- collapse-all-link -->
      </div> <!-- navigator-suite-header -->
      <div class="suite">
        <div class="rounded-window">
          <div class="suite-header light-rounded-window-top">
            <a href="#" class="navigator-link" panel-name="suite-Default_suite">
              <span class="suite-name border-failed">Default suite</span>
            </a> <!-- navigator-link -->
          </div> <!-- suite-header light-rounded-window-top -->
          <div class="navigator-suite-content">
            <div class="suite-section-title">
              <span>Info</span>
            </div> <!-- suite-section-title -->
            <div class="suite-section-content">
              <ul>
                <li>
                  <a href="#" class="navigator-link " panel-name="test-xml-Default_suite">
                    <span>C:\Users\PC\AppData\Local\Temp\testng-eclipse-826612133\testng-customsuite.xml</span>
                  </a> <!-- navigator-link  -->
                </li>
                <li>
                  <a href="#" class="navigator-link " panel-name="testlist-Default_suite">
                    <span class="test-stats">1 test</span>
                  </a> <!-- navigator-link  -->
                </li>
                <li>
                  <a href="#" class="navigator-link " panel-name="group-Default_suite">
                    <span>0 groups</span>
                  </a> <!-- navigator-link  -->
                </li>
                <li>
                  <a href="#" class="navigator-link " panel-name="times-Default_suite">
                    <span>Times</span>
                  </a> <!-- navigator-link  -->
                </li>
                <li>
                  <a href="#" class="navigator-link " panel-name="reporter-Default_suite">
                    <span>Reporter output</span>
                  </a> <!-- navigator-link  -->
                </li>
                <li>
                  <a href="#" class="navigator-link " panel-name="ignored-methods-Default_suite">
                    <span>Ignored methods</span>
                  </a> <!-- navigator-link  -->
                </li>
                <li>
                  <a href="#" class="navigator-link " panel-name="chronological-Default_suite">
                    <span>Chronological view</span>
                  </a> <!-- navigator-link  -->
                </li>
              </ul>
            </div> <!-- suite-section-content -->
            <div class="result-section">
              <div class="suite-section-title">
                <span>Results</span>
              </div> <!-- suite-section-title -->
              <div class="suite-section-content">
                <ul>
                  <li>
                    <span class="method-stats">17 methods, 1 failed,  16 skipped,  </span>
                  </li>
                  <li>
                    <span class="method-list-title failed">Failed methods</span>
                    <span class="show-or-hide-methods failed">
                      <a href="#" panel-name="suite-Default_suite" class="hide-methods failed suite-Default_suite"> (hide)</a> <!-- hide-methods failed suite-Default_suite -->
                      <a href="#" panel-name="suite-Default_suite" class="show-methods failed suite-Default_suite"> (show)</a> <!-- show-methods failed suite-Default_suite -->
                    </span>
                    <div class="method-list-content failed suite-Default_suite">
                      <span>
                        <img width="3%" src="failed.png"/>
                        <a href="#" class="method navigator-link" panel-name="suite-Default_suite" title="com.hrms.orangehrms.project.testcases.Admin_JobConfigTest" hash-for-method="addJobTitles({Note=Write and maintain the quality assurance process, Job Title=QA Engineer, BrowserName=Chrome, R...)">addJobTitles({Note=Write and maintain the quality assurance process, Job Title=QA Engineer, BrowserName=Chrome, R...)</a> <!-- method navigator-link -->
                      </span>
                      <br/>
                    </div> <!-- method-list-content failed suite-Default_suite -->
                  </li>
                  <li>
                    <span class="method-list-title skipped">Skipped methods</span>
                    <span class="show-or-hide-methods skipped">
                      <a href="#" panel-name="suite-Default_suite" class="hide-methods skipped suite-Default_suite"> (hide)</a> <!-- hide-methods skipped suite-Default_suite -->
                      <a href="#" panel-name="suite-Default_suite" class="show-methods skipped suite-Default_suite"> (show)</a> <!-- show-methods skipped suite-Default_suite -->
                    </span>
                    <div class="method-list-content skipped suite-Default_suite">
                      <span>
                        <img width="3%" src="skipped.png"/>
                        <a href="#" class="method navigator-link" panel-name="suite-Default_suite" title="com.hrms.orangehrms.project.testcases.Admin_JobConfigTest" hash-for-method="addJobTitles({Note=Maintain and add new components to the network, Job Title=, BrowserName=Chrome, Runmode=N, Dup...)">addJobTitles({Note=Maintain and add new components to the network, Job Title=, BrowserName=Chrome, Runmode=N, Dup...)</a> <!-- method navigator-link -->
                      </span>
                      <br/>
                      <span>
                        <img width="3%" src="skipped.png"/>
                        <a href="#" class="method navigator-link" panel-name="suite-Default_suite" title="com.hrms.orangehrms.project.testcases.Admin_JobConfigTest" hash-for-method="addJobTitles({Note=Maintain and add new components to the network, Job Title=Network Engineer, BrowserName=Chrome...)">addJobTitles({Note=Maintain and add new components to the network, Job Title=Network Engineer, BrowserName=Chrome...)</a> <!-- method navigator-link -->
                      </span>
                      <br/>
                      <span>
                        <img width="3%" src="skipped.png"/>
                        <a href="#" class="method navigator-link" panel-name="suite-Default_suite" title="com.hrms.orangehrms.project.testcases.Admin_JobConfigTest" hash-for-method="addJobTitles({Note=Write test cases, Job Title=Sr. Software Tester, BrowserName=Chrome, Runmode=N, Duplicate=N, J...)">addJobTitles({Note=Write test cases, Job Title=Sr. Software Tester, BrowserName=Chrome, Runmode=N, Duplicate=N, J...)</a> <!-- method navigator-link -->
                      </span>
                      <br/>
                      <span>
                        <img width="3%" src="skipped.png"/>
                        <a href="#" class="method navigator-link" panel-name="suite-Default_suite" title="com.hrms.orangehrms.project.testcases.Admin_JobConfigTest" hash-for-method="addJobTitles({Note=Write code to automate testing, Job Title=Test Architect, BrowserName=Chrome, Runmode=N, Dupli...)">addJobTitles({Note=Write code to automate testing, Job Title=Test Architect, BrowserName=Chrome, Runmode=N, Dupli...)</a> <!-- method navigator-link -->
                      </span>
                      <br/>
                      <span>
                        <img width="3%" src="skipped.png"/>
                        <a href="#" class="method navigator-link" panel-name="suite-Default_suite" title="com.hrms.orangehrms.project.testcases.Admin_JobConfigTest" hash-for-method="addJobTitles({Note=Write test cases, Job Title=Software Tester, BrowserName=Chrome, Runmode=N, Duplicate=N, Job D...)">addJobTitles({Note=Write test cases, Job Title=Software Tester, BrowserName=Chrome, Runmode=N, Duplicate=N, Job D...)</a> <!-- method navigator-link -->
                      </span>
                      <br/>
                      <span>
                        <img width="3%" src="skipped.png"/>
                        <a href="#" class="method navigator-link" panel-name="suite-Default_suite" title="com.hrms.orangehrms.project.testcases.Admin_JobConfigTest" hash-for-method="addJobTitles({Note=Write code to solve a business problem, Job Title=Software Engineer, BrowserName=Chrome, Runmo...)">addJobTitles({Note=Write code to solve a business problem, Job Title=Software Engineer, BrowserName=Chrome, Runmo...)</a> <!-- method navigator-link -->
                      </span>
                      <br/>
                      <span>
                        <img width="3%" src="skipped.png"/>
                        <a href="#" class="method navigator-link" panel-name="suite-Default_suite" title="com.hrms.orangehrms.project.testcases.Admin_JobConfigTest" hash-for-method="deleteJobTitleTest({Job Title=Software Tester, BrowserName=Chrome, Runmode=Y, Expected Result=Pass})">deleteJobTitleTest({Job Title=Software Tester, BrowserName=Chrome, Runmode=Y, Expected Result=Pass})</a> <!-- method navigator-link -->
                      </span>
                      <br/>
                      <span>
                        <img width="3%" src="skipped.png"/>
                        <a href="#" class="method navigator-link" panel-name="suite-Default_suite" title="com.hrms.orangehrms.project.testcases.Admin_JobConfigTest" hash-for-method="deleteJobTitleTest({Job Title=Network Engineer, BrowserName=Chrome, Runmode=N, Expected Result=Pass})">deleteJobTitleTest({Job Title=Network Engineer, BrowserName=Chrome, Runmode=N, Expected Result=Pass})</a> <!-- method navigator-link -->
                      </span>
                      <br/>
                      <span>
                        <img width="3%" src="skipped.png"/>
                        <a href="#" class="method navigator-link" panel-name="suite-Default_suite" title="com.hrms.orangehrms.project.testcases.Admin_JobConfigTest" hash-for-method="deleteJobTitleTest({Job Title=Project Manager, BrowserName=Chrome, Runmode=N, Expected Result=Fail})">deleteJobTitleTest({Job Title=Project Manager, BrowserName=Chrome, Runmode=N, Expected Result=Fail})</a> <!-- method navigator-link -->
                      </span>
                      <br/>
                      <span>
                        <img width="3%" src="skipped.png"/>
                        <a href="#" class="method navigator-link" panel-name="suite-Default_suite" title="com.hrms.orangehrms.project.testcases.Admin_JobConfigTest" hash-for-method="editJobTitleTest({New Job Title=ICT Business Analyst, BrowserName=Chrome, Runmode=Y, Attachment=Random, Old Job Title...)">editJobTitleTest({New Job Title=ICT Business Analyst, BrowserName=Chrome, Runmode=Y, Attachment=Random, Old Job Title...)</a> <!-- method navigator-link -->
                      </span>
                      <br/>
                      <span>
                        <img width="3%" src="skipped.png"/>
                        <a href="#" class="method navigator-link" panel-name="suite-Default_suite" title="com.hrms.orangehrms.project.testcases.Admin_JobConfigTest" hash-for-method="editJobTitleTest({New Job Title=Test Architect, BrowserName=Chrome, Runmode=Y, Attachment=Random, Old Job Title=Test ...)">editJobTitleTest({New Job Title=Test Architect, BrowserName=Chrome, Runmode=Y, Attachment=Random, Old Job Title=Test ...)</a> <!-- method navigator-link -->
                      </span>
                      <br/>
                      <span>
                        <img width="3%" src="skipped.png"/>
                        <a href="#" class="method navigator-link" panel-name="suite-Default_suite" title="com.hrms.orangehrms.project.testcases.Admin_JobConfigTest" hash-for-method="editJobTitleTest({New Job Title=Software Engineer, BrowserName=Chrome, Runmode=Y, Attachment=, Old Job Title=Software...)">editJobTitleTest({New Job Title=Software Engineer, BrowserName=Chrome, Runmode=Y, Attachment=, Old Job Title=Software...)</a> <!-- method navigator-link -->
                      </span>
                      <br/>
                      <span>
                        <img width="3%" src="skipped.png"/>
                        <a href="#" class="method navigator-link" panel-name="suite-Default_suite" title="com.hrms.orangehrms.project.testcases.Admin_JobConfigTest" hash-for-method="editJobTitleTest({New Job Title=Test Architect, BrowserName=Chrome, Runmode=Y, Attachment=, Old Job Title=Software En...)">editJobTitleTest({New Job Title=Test Architect, BrowserName=Chrome, Runmode=Y, Attachment=, Old Job Title=Software En...)</a> <!-- method navigator-link -->
                      </span>
                      <br/>
                      <span>
                        <img width="3%" src="skipped.png"/>
                        <a href="#" class="method navigator-link" panel-name="suite-Default_suite" title="com.hrms.orangehrms.project.testcases.Admin_JobConfigTest" hash-for-method="editJobTitleTest({New Job Title=Network Security Engineer, BrowserName=Chrome, Runmode=Y, Attachment=, Old Job Title=...)">editJobTitleTest({New Job Title=Network Security Engineer, BrowserName=Chrome, Runmode=Y, Attachment=, Old Job Title=...)</a> <!-- method navigator-link -->
                      </span>
                      <br/>
                      <span>
                        <img width="3%" src="skipped.png"/>
                        <a href="#" class="method navigator-link" panel-name="suite-Default_suite" title="com.hrms.orangehrms.project.testcases.Admin_JobConfigTest" hash-for-method="editJobTitleTest({New Job Title=Sr. Software Engineer, BrowserName=Chrome, Runmode=Y, Attachment=E:\Selenium\OrangeHR...)">editJobTitleTest({New Job Title=Sr. Software Engineer, BrowserName=Chrome, Runmode=Y, Attachment=E:\Selenium\OrangeHR...)</a> <!-- method navigator-link -->
                      </span>
                      <br/>
                      <span>
                        <img width="3%" src="skipped.png"/>
                        <a href="#" class="method navigator-link" panel-name="suite-Default_suite" title="com.hrms.orangehrms.project.testcases.Admin_JobConfigTest" hash-for-method="editJobTitleTest({New Job Title=QA Engineer, BrowserName=Chrome, Runmode=Y, Attachment=, Old Job Title=QA Engineer, D...)">editJobTitleTest({New Job Title=QA Engineer, BrowserName=Chrome, Runmode=Y, Attachment=, Old Job Title=QA Engineer, D...)</a> <!-- method navigator-link -->
                      </span>
                      <br/>
                    </div> <!-- method-list-content skipped suite-Default_suite -->
                  </li>
                </ul>
              </div> <!-- suite-section-content -->
            </div> <!-- result-section -->
          </div> <!-- navigator-suite-content -->
        </div> <!-- rounded-window -->
      </div> <!-- suite -->
    </div> <!-- navigator-root -->
    <div class="wrapper">
      <div class="main-panel-root">
        <div panel-name="suite-Default_suite" class="panel Default_suite">
          <div class="suite-Default_suite-class-failed">
            <div class="main-panel-header rounded-window-top">
              <img src="failed.png"/>
              <span class="class-name">com.hrms.orangehrms.project.testcases.Admin_JobConfigTest</span>
            </div> <!-- main-panel-header rounded-window-top -->
            <div class="main-panel-content rounded-window-bottom">
              <div class="method">
                <div class="method-content">
                  <a name="addJobTitles({Note=Write and maintain the quality assurance process, Job Title=QA Engineer, BrowserName=Chrome, R...)">
                  </a> <!-- addJobTitles({Note=Write and maintain the quality assurance process, Job Title=QA Engineer, BrowserName=Chrome, R...) -->
                  <span class="method-name">addJobTitles</span>
                  <span class="parameters">({Note=Write and maintain the quality assurance process, Job Title=QA Engineer, BrowserName=Chrome, Runmode=Y, Duplicate=N, Job Description=Find faults and defects in the software quality process, Job Specification=Random})</span>
                  <div class="stack-trace">java.lang.NullPointerException
	at com.hrms.orangehrms.project.testcases.Admin_JobConfigTest.addJobTitles(Admin_JobConfigTest.java:138)
	at sun.reflect.NativeMethodAccessorImpl.invoke0(Native Method)
	at sun.reflect.NativeMethodAccessorImpl.invoke(Unknown Source)
	at sun.reflect.DelegatingMethodAccessorImpl.invoke(Unknown Source)
	at java.lang.reflect.Method.invoke(Unknown Source)
	at org.testng.internal.MethodInvocationHelper.invokeMethod(MethodInvocationHelper.java:86)
	at org.testng.internal.Invoker.invokeMethod(Invoker.java:643)
	at org.testng.internal.Invoker.invokeTestMethod(Invoker.java:820)
	at org.testng.internal.Invoker.invokeTestMethods(Invoker.java:1128)
	at org.testng.internal.TestMethodWorker.invokeTestMethods(TestMethodWorker.java:129)
	at org.testng.internal.TestMethodWorker.run(TestMethodWorker.java:112)
	at org.testng.TestRunner.privateRun(TestRunner.java:782)
	at org.testng.TestRunner.run(TestRunner.java:632)
	at org.testng.SuiteRunner.runTest(SuiteRunner.java:366)
	at org.testng.SuiteRunner.runSequentially(SuiteRunner.java:361)
	at org.testng.SuiteRunner.privateRun(SuiteRunner.java:319)
	at org.testng.SuiteRunner.run(SuiteRunner.java:268)
	at org.testng.SuiteRunnerWorker.runSuite(SuiteRunnerWorker.java:52)
	at org.testng.SuiteRunnerWorker.run(SuiteRunnerWorker.java:86)
	at org.testng.TestNG.runSuitesSequentially(TestNG.java:1244)
	at org.testng.TestNG.runSuitesLocally(TestNG.java:1169)
	at org.testng.TestNG.run(TestNG.java:1064)
	at org.testng.remote.RemoteTestNG.run(RemoteTestNG.java:113)
	at org.testng.remote.RemoteTestNG.initAndRun(RemoteTestNG.java:206)
	at org.testng.remote.RemoteTestNG.main(RemoteTestNG.java:177)

</div> <!-- stack-trace -->
                </div> <!-- method-content -->
              </div> <!-- method -->
            </div> <!-- main-panel-content rounded-window-bottom -->
          </div> <!-- suite-Default_suite-class-failed -->
          <div class="suite-Default_suite-class-skipped">
            <div class="main-panel-header rounded-window-top">
              <img src="skipped.png"/>
              <span class="class-name">com.hrms.orangehrms.project.testcases.Admin_JobConfigTest</span>
            </div> <!-- main-panel-header rounded-window-top -->
            <div class="main-panel-content rounded-window-bottom">
              <div class="method">
                <div class="method-content">
                  <a name="addJobTitles({Note=Maintain and add new components to the network, Job Title=, BrowserName=Chrome, Runmode=N, Dup...)">
                  </a> <!-- addJobTitles({Note=Maintain and add new components to the network, Job Title=, BrowserName=Chrome, Runmode=N, Dup...) -->
                  <span class="method-name">addJobTitles</span>
                  <span class="parameters">({Note=Maintain and add new components to the network, Job Title=, BrowserName=Chrome, Runmode=N, Duplicate=N, Job Description=Manage and setup the network, Job Specification=})</span>
                  <div class="stack-trace">org.testng.SkipException: Skipping as Test Data Runmode is No
	at com.hrms.orangehrms.project.testcases.Admin_JobConfigTest.addJobTitles(Admin_JobConfigTest.java:49)
	at sun.reflect.NativeMethodAccessorImpl.invoke0(Native Method)
	at sun.reflect.NativeMethodAccessorImpl.invoke(Unknown Source)
	at sun.reflect.DelegatingMethodAccessorImpl.invoke(Unknown Source)
	at java.lang.reflect.Method.invoke(Unknown Source)
	at org.testng.internal.MethodInvocationHelper.invokeMethod(MethodInvocationHelper.java:86)
	at org.testng.internal.Invoker.invokeMethod(Invoker.java:643)
	at org.testng.internal.Invoker.invokeTestMethod(Invoker.java:820)
	at org.testng.internal.Invoker.invokeTestMethods(Invoker.java:1128)
	at org.testng.internal.TestMethodWorker.invokeTestMethods(TestMethodWorker.java:129)
	at org.testng.internal.TestMethodWorker.run(TestMethodWorker.java:112)
	at org.testng.TestRunner.privateRun(TestRunner.java:782)
	at org.testng.TestRunner.run(TestRunner.java:632)
	at org.testng.SuiteRunner.runTest(SuiteRunner.java:366)
	at org.testng.SuiteRunner.runSequentially(SuiteRunner.java:361)
	at org.testng.SuiteRunner.privateRun(SuiteRunner.java:319)
	at org.testng.SuiteRunner.run(SuiteRunner.java:268)
	at org.testng.SuiteRunnerWorker.runSuite(SuiteRunnerWorker.java:52)
	at org.testng.SuiteRunnerWorker.run(SuiteRunnerWorker.java:86)
	at org.testng.TestNG.runSuitesSequentially(TestNG.java:1244)
	at org.testng.TestNG.runSuitesLocally(TestNG.java:1169)
	at org.testng.TestNG.run(TestNG.java:1064)
	at org.testng.remote.RemoteTestNG.run(RemoteTestNG.java:113)
	at org.testng.remote.RemoteTestNG.initAndRun(RemoteTestNG.java:206)
	at org.testng.remote.RemoteTestNG.main(RemoteTestNG.java:177)

</div> <!-- stack-trace -->
                </div> <!-- method-content -->
              </div> <!-- method -->
              <div class="method">
                <div class="method-content">
                  <a name="addJobTitles({Note=Maintain and add new components to the network, Job Title=Network Engineer, BrowserName=Chrome...)">
                  </a> <!-- addJobTitles({Note=Maintain and add new components to the network, Job Title=Network Engineer, BrowserName=Chrome...) -->
                  <span class="method-name">addJobTitles</span>
                  <span class="parameters">({Note=Maintain and add new components to the network, Job Title=Network Engineer, BrowserName=Chrome, Runmode=N, Duplicate=Y, Job Description=Manage and setup the network, Job Specification=E:\Selenium\OrangeHRM\OrangeHRMS_DDF_Framework\abc.xml})</span>
                  <div class="stack-trace">org.testng.SkipException: Skipping as Test Data Runmode is No
	at com.hrms.orangehrms.project.testcases.Admin_JobConfigTest.addJobTitles(Admin_JobConfigTest.java:49)
	at sun.reflect.NativeMethodAccessorImpl.invoke0(Native Method)
	at sun.reflect.NativeMethodAccessorImpl.invoke(Unknown Source)
	at sun.reflect.DelegatingMethodAccessorImpl.invoke(Unknown Source)
	at java.lang.reflect.Method.invoke(Unknown Source)
	at org.testng.internal.MethodInvocationHelper.invokeMethod(MethodInvocationHelper.java:86)
	at org.testng.internal.Invoker.invokeMethod(Invoker.java:643)
	at org.testng.internal.Invoker.invokeTestMethod(Invoker.java:820)
	at org.testng.internal.Invoker.invokeTestMethods(Invoker.java:1128)
	at org.testng.internal.TestMethodWorker.invokeTestMethods(TestMethodWorker.java:129)
	at org.testng.internal.TestMethodWorker.run(TestMethodWorker.java:112)
	at org.testng.TestRunner.privateRun(TestRunner.java:782)
	at org.testng.TestRunner.run(TestRunner.java:632)
	at org.testng.SuiteRunner.runTest(SuiteRunner.java:366)
	at org.testng.SuiteRunner.runSequentially(SuiteRunner.java:361)
	at org.testng.SuiteRunner.privateRun(SuiteRunner.java:319)
	at org.testng.SuiteRunner.run(SuiteRunner.java:268)
	at org.testng.SuiteRunnerWorker.runSuite(SuiteRunnerWorker.java:52)
	at org.testng.SuiteRunnerWorker.run(SuiteRunnerWorker.java:86)
	at org.testng.TestNG.runSuitesSequentially(TestNG.java:1244)
	at org.testng.TestNG.runSuitesLocally(TestNG.java:1169)
	at org.testng.TestNG.run(TestNG.java:1064)
	at org.testng.remote.RemoteTestNG.run(RemoteTestNG.java:113)
	at org.testng.remote.RemoteTestNG.initAndRun(RemoteTestNG.java:206)
	at org.testng.remote.RemoteTestNG.main(RemoteTestNG.java:177)

</div> <!-- stack-trace -->
                </div> <!-- method-content -->
              </div> <!-- method -->
              <div class="method">
                <div class="method-content">
                  <a name="addJobTitles({Note=Write test cases, Job Title=Sr. Software Tester, BrowserName=Chrome, Runmode=N, Duplicate=N, J...)">
                  </a> <!-- addJobTitles({Note=Write test cases, Job Title=Sr. Software Tester, BrowserName=Chrome, Runmode=N, Duplicate=N, J...) -->
                  <span class="method-name">addJobTitles</span>
                  <span class="parameters">({Note=Write test cases, Job Title=Sr. Software Tester, BrowserName=Chrome, Runmode=N, Duplicate=N, Job Description=Find faults and defects in the system, Job Specification=Random})</span>
                  <div class="stack-trace">org.testng.SkipException: Skipping as Test Data Runmode is No
	at com.hrms.orangehrms.project.testcases.Admin_JobConfigTest.addJobTitles(Admin_JobConfigTest.java:49)
	at sun.reflect.NativeMethodAccessorImpl.invoke0(Native Method)
	at sun.reflect.NativeMethodAccessorImpl.invoke(Unknown Source)
	at sun.reflect.DelegatingMethodAccessorImpl.invoke(Unknown Source)
	at java.lang.reflect.Method.invoke(Unknown Source)
	at org.testng.internal.MethodInvocationHelper.invokeMethod(MethodInvocationHelper.java:86)
	at org.testng.internal.Invoker.invokeMethod(Invoker.java:643)
	at org.testng.internal.Invoker.invokeTestMethod(Invoker.java:820)
	at org.testng.internal.Invoker.invokeTestMethods(Invoker.java:1128)
	at org.testng.internal.TestMethodWorker.invokeTestMethods(TestMethodWorker.java:129)
	at org.testng.internal.TestMethodWorker.run(TestMethodWorker.java:112)
	at org.testng.TestRunner.privateRun(TestRunner.java:782)
	at org.testng.TestRunner.run(TestRunner.java:632)
	at org.testng.SuiteRunner.runTest(SuiteRunner.java:366)
	at org.testng.SuiteRunner.runSequentially(SuiteRunner.java:361)
	at org.testng.SuiteRunner.privateRun(SuiteRunner.java:319)
	at org.testng.SuiteRunner.run(SuiteRunner.java:268)
	at org.testng.SuiteRunnerWorker.runSuite(SuiteRunnerWorker.java:52)
	at org.testng.SuiteRunnerWorker.run(SuiteRunnerWorker.java:86)
	at org.testng.TestNG.runSuitesSequentially(TestNG.java:1244)
	at org.testng.TestNG.runSuitesLocally(TestNG.java:1169)
	at org.testng.TestNG.run(TestNG.java:1064)
	at org.testng.remote.RemoteTestNG.run(RemoteTestNG.java:113)
	at org.testng.remote.RemoteTestNG.initAndRun(RemoteTestNG.java:206)
	at org.testng.remote.RemoteTestNG.main(RemoteTestNG.java:177)

</div> <!-- stack-trace -->
                </div> <!-- method-content -->
              </div> <!-- method -->
              <div class="method">
                <div class="method-content">
                  <a name="addJobTitles({Note=Write code to automate testing, Job Title=Test Architect, BrowserName=Chrome, Runmode=N, Dupli...)">
                  </a> <!-- addJobTitles({Note=Write code to automate testing, Job Title=Test Architect, BrowserName=Chrome, Runmode=N, Dupli...) -->
                  <span class="method-name">addJobTitles</span>
                  <span class="parameters">({Note=Write code to automate testing, Job Title=Test Architect, BrowserName=Chrome, Runmode=N, Duplicate=N, Job Description=Design automation frameworks, Job Specification=})</span>
                  <div class="stack-trace">org.testng.SkipException: Skipping as Test Data Runmode is No
	at com.hrms.orangehrms.project.testcases.Admin_JobConfigTest.addJobTitles(Admin_JobConfigTest.java:49)
	at sun.reflect.NativeMethodAccessorImpl.invoke0(Native Method)
	at sun.reflect.NativeMethodAccessorImpl.invoke(Unknown Source)
	at sun.reflect.DelegatingMethodAccessorImpl.invoke(Unknown Source)
	at java.lang.reflect.Method.invoke(Unknown Source)
	at org.testng.internal.MethodInvocationHelper.invokeMethod(MethodInvocationHelper.java:86)
	at org.testng.internal.Invoker.invokeMethod(Invoker.java:643)
	at org.testng.internal.Invoker.invokeTestMethod(Invoker.java:820)
	at org.testng.internal.Invoker.invokeTestMethods(Invoker.java:1128)
	at org.testng.internal.TestMethodWorker.invokeTestMethods(TestMethodWorker.java:129)
	at org.testng.internal.TestMethodWorker.run(TestMethodWorker.java:112)
	at org.testng.TestRunner.privateRun(TestRunner.java:782)
	at org.testng.TestRunner.run(TestRunner.java:632)
	at org.testng.SuiteRunner.runTest(SuiteRunner.java:366)
	at org.testng.SuiteRunner.runSequentially(SuiteRunner.java:361)
	at org.testng.SuiteRunner.privateRun(SuiteRunner.java:319)
	at org.testng.SuiteRunner.run(SuiteRunner.java:268)
	at org.testng.SuiteRunnerWorker.runSuite(SuiteRunnerWorker.java:52)
	at org.testng.SuiteRunnerWorker.run(SuiteRunnerWorker.java:86)
	at org.testng.TestNG.runSuitesSequentially(TestNG.java:1244)
	at org.testng.TestNG.runSuitesLocally(TestNG.java:1169)
	at org.testng.TestNG.run(TestNG.java:1064)
	at org.testng.remote.RemoteTestNG.run(RemoteTestNG.java:113)
	at org.testng.remote.RemoteTestNG.initAndRun(RemoteTestNG.java:206)
	at org.testng.remote.RemoteTestNG.main(RemoteTestNG.java:177)

</div> <!-- stack-trace -->
                </div> <!-- method-content -->
              </div> <!-- method -->
              <div class="method">
                <div class="method-content">
                  <a name="addJobTitles({Note=Write test cases, Job Title=Software Tester, BrowserName=Chrome, Runmode=N, Duplicate=N, Job D...)">
                  </a> <!-- addJobTitles({Note=Write test cases, Job Title=Software Tester, BrowserName=Chrome, Runmode=N, Duplicate=N, Job D...) -->
                  <span class="method-name">addJobTitles</span>
                  <span class="parameters">({Note=Write test cases, Job Title=Software Tester, BrowserName=Chrome, Runmode=N, Duplicate=N, Job Description=Find faults and defects in the system, Job Specification=Random})</span>
                  <div class="stack-trace">org.testng.SkipException: Skipping as Test Data Runmode is No
	at com.hrms.orangehrms.project.testcases.Admin_JobConfigTest.addJobTitles(Admin_JobConfigTest.java:49)
	at sun.reflect.NativeMethodAccessorImpl.invoke0(Native Method)
	at sun.reflect.NativeMethodAccessorImpl.invoke(Unknown Source)
	at sun.reflect.DelegatingMethodAccessorImpl.invoke(Unknown Source)
	at java.lang.reflect.Method.invoke(Unknown Source)
	at org.testng.internal.MethodInvocationHelper.invokeMethod(MethodInvocationHelper.java:86)
	at org.testng.internal.Invoker.invokeMethod(Invoker.java:643)
	at org.testng.internal.Invoker.invokeTestMethod(Invoker.java:820)
	at org.testng.internal.Invoker.invokeTestMethods(Invoker.java:1128)
	at org.testng.internal.TestMethodWorker.invokeTestMethods(TestMethodWorker.java:129)
	at org.testng.internal.TestMethodWorker.run(TestMethodWorker.java:112)
	at org.testng.TestRunner.privateRun(TestRunner.java:782)
	at org.testng.TestRunner.run(TestRunner.java:632)
	at org.testng.SuiteRunner.runTest(SuiteRunner.java:366)
	at org.testng.SuiteRunner.runSequentially(SuiteRunner.java:361)
	at org.testng.SuiteRunner.privateRun(SuiteRunner.java:319)
	at org.testng.SuiteRunner.run(SuiteRunner.java:268)
	at org.testng.SuiteRunnerWorker.runSuite(SuiteRunnerWorker.java:52)
	at org.testng.SuiteRunnerWorker.run(SuiteRunnerWorker.java:86)
	at org.testng.TestNG.runSuitesSequentially(TestNG.java:1244)
	at org.testng.TestNG.runSuitesLocally(TestNG.java:1169)
	at org.testng.TestNG.run(TestNG.java:1064)
	at org.testng.remote.RemoteTestNG.run(RemoteTestNG.java:113)
	at org.testng.remote.RemoteTestNG.initAndRun(RemoteTestNG.java:206)
	at org.testng.remote.RemoteTestNG.main(RemoteTestNG.java:177)

</div> <!-- stack-trace -->
                </div> <!-- method-content -->
              </div> <!-- method -->
              <div class="method">
                <div class="method-content">
                  <a name="addJobTitles({Note=Write code to solve a business problem, Job Title=Software Engineer, BrowserName=Chrome, Runmo...)">
                  </a> <!-- addJobTitles({Note=Write code to solve a business problem, Job Title=Software Engineer, BrowserName=Chrome, Runmo...) -->
                  <span class="method-name">addJobTitles</span>
                  <span class="parameters">({Note=Write code to solve a business problem, Job Title=Software Engineer, BrowserName=Chrome, Runmode=N, Duplicate=Y, Job Description=Design software systems, Job Specification=Random})</span>
                  <div class="stack-trace">org.testng.SkipException: Skipping as Test Data Runmode is No
	at com.hrms.orangehrms.project.testcases.Admin_JobConfigTest.addJobTitles(Admin_JobConfigTest.java:49)
	at sun.reflect.NativeMethodAccessorImpl.invoke0(Native Method)
	at sun.reflect.NativeMethodAccessorImpl.invoke(Unknown Source)
	at sun.reflect.DelegatingMethodAccessorImpl.invoke(Unknown Source)
	at java.lang.reflect.Method.invoke(Unknown Source)
	at org.testng.internal.MethodInvocationHelper.invokeMethod(MethodInvocationHelper.java:86)
	at org.testng.internal.Invoker.invokeMethod(Invoker.java:643)
	at org.testng.internal.Invoker.invokeTestMethod(Invoker.java:820)
	at org.testng.internal.Invoker.invokeTestMethods(Invoker.java:1128)
	at org.testng.internal.TestMethodWorker.invokeTestMethods(TestMethodWorker.java:129)
	at org.testng.internal.TestMethodWorker.run(TestMethodWorker.java:112)
	at org.testng.TestRunner.privateRun(TestRunner.java:782)
	at org.testng.TestRunner.run(TestRunner.java:632)
	at org.testng.SuiteRunner.runTest(SuiteRunner.java:366)
	at org.testng.SuiteRunner.runSequentially(SuiteRunner.java:361)
	at org.testng.SuiteRunner.privateRun(SuiteRunner.java:319)
	at org.testng.SuiteRunner.run(SuiteRunner.java:268)
	at org.testng.SuiteRunnerWorker.runSuite(SuiteRunnerWorker.java:52)
	at org.testng.SuiteRunnerWorker.run(SuiteRunnerWorker.java:86)
	at org.testng.TestNG.runSuitesSequentially(TestNG.java:1244)
	at org.testng.TestNG.runSuitesLocally(TestNG.java:1169)
	at org.testng.TestNG.run(TestNG.java:1064)
	at org.testng.remote.RemoteTestNG.run(RemoteTestNG.java:113)
	at org.testng.remote.RemoteTestNG.initAndRun(RemoteTestNG.java:206)
	at org.testng.remote.RemoteTestNG.main(RemoteTestNG.java:177)

</div> <!-- stack-trace -->
                </div> <!-- method-content -->
              </div> <!-- method -->
              <div class="method">
                <div class="method-content">
                  <a name="deleteJobTitleTest({Job Title=Software Tester, BrowserName=Chrome, Runmode=Y, Expected Result=Pass})">
                  </a> <!-- deleteJobTitleTest({Job Title=Software Tester, BrowserName=Chrome, Runmode=Y, Expected Result=Pass}) -->
                  <span class="method-name">deleteJobTitleTest</span>
                  <span class="parameters">({Job Title=Software Tester, BrowserName=Chrome, Runmode=Y, Expected Result=Pass})</span>
                  <div class="stack-trace">org.testng.SkipException: Skipping as Test Case Runmode is No
	at com.hrms.orangehrms.project.testcases.Admin_JobConfigTest.deleteJobTitleTest(Admin_JobConfigTest.java:156)
	at sun.reflect.NativeMethodAccessorImpl.invoke0(Native Method)
	at sun.reflect.NativeMethodAccessorImpl.invoke(Unknown Source)
	at sun.reflect.DelegatingMethodAccessorImpl.invoke(Unknown Source)
	at java.lang.reflect.Method.invoke(Unknown Source)
	at org.testng.internal.MethodInvocationHelper.invokeMethod(MethodInvocationHelper.java:86)
	at org.testng.internal.Invoker.invokeMethod(Invoker.java:643)
	at org.testng.internal.Invoker.invokeTestMethod(Invoker.java:820)
	at org.testng.internal.Invoker.invokeTestMethods(Invoker.java:1128)
	at org.testng.internal.TestMethodWorker.invokeTestMethods(TestMethodWorker.java:129)
	at org.testng.internal.TestMethodWorker.run(TestMethodWorker.java:112)
	at org.testng.TestRunner.privateRun(TestRunner.java:782)
	at org.testng.TestRunner.run(TestRunner.java:632)
	at org.testng.SuiteRunner.runTest(SuiteRunner.java:366)
	at org.testng.SuiteRunner.runSequentially(SuiteRunner.java:361)
	at org.testng.SuiteRunner.privateRun(SuiteRunner.java:319)
	at org.testng.SuiteRunner.run(SuiteRunner.java:268)
	at org.testng.SuiteRunnerWorker.runSuite(SuiteRunnerWorker.java:52)
	at org.testng.SuiteRunnerWorker.run(SuiteRunnerWorker.java:86)
	at org.testng.TestNG.runSuitesSequentially(TestNG.java:1244)
	at org.testng.TestNG.runSuitesLocally(TestNG.java:1169)
	at org.testng.TestNG.run(TestNG.java:1064)
	at org.testng.remote.RemoteTestNG.run(RemoteTestNG.java:113)
	at org.testng.remote.RemoteTestNG.initAndRun(RemoteTestNG.java:206)
	at org.testng.remote.RemoteTestNG.main(RemoteTestNG.java:177)

</div> <!-- stack-trace -->
                </div> <!-- method-content -->
              </div> <!-- method -->
              <div class="method">
                <div class="method-content">
                  <a name="deleteJobTitleTest({Job Title=Network Engineer, BrowserName=Chrome, Runmode=N, Expected Result=Pass})">
                  </a> <!-- deleteJobTitleTest({Job Title=Network Engineer, BrowserName=Chrome, Runmode=N, Expected Result=Pass}) -->
                  <span class="method-name">deleteJobTitleTest</span>
                  <span class="parameters">({Job Title=Network Engineer, BrowserName=Chrome, Runmode=N, Expected Result=Pass})</span>
                  <div class="stack-trace">org.testng.SkipException: Skipping as Test Case Runmode is No
	at com.hrms.orangehrms.project.testcases.Admin_JobConfigTest.deleteJobTitleTest(Admin_JobConfigTest.java:156)
	at sun.reflect.NativeMethodAccessorImpl.invoke0(Native Method)
	at sun.reflect.NativeMethodAccessorImpl.invoke(Unknown Source)
	at sun.reflect.DelegatingMethodAccessorImpl.invoke(Unknown Source)
	at java.lang.reflect.Method.invoke(Unknown Source)
	at org.testng.internal.MethodInvocationHelper.invokeMethod(MethodInvocationHelper.java:86)
	at org.testng.internal.Invoker.invokeMethod(Invoker.java:643)
	at org.testng.internal.Invoker.invokeTestMethod(Invoker.java:820)
	at org.testng.internal.Invoker.invokeTestMethods(Invoker.java:1128)
	at org.testng.internal.TestMethodWorker.invokeTestMethods(TestMethodWorker.java:129)
	at org.testng.internal.TestMethodWorker.run(TestMethodWorker.java:112)
	at org.testng.TestRunner.privateRun(TestRunner.java:782)
	at org.testng.TestRunner.run(TestRunner.java:632)
	at org.testng.SuiteRunner.runTest(SuiteRunner.java:366)
	at org.testng.SuiteRunner.runSequentially(SuiteRunner.java:361)
	at org.testng.SuiteRunner.privateRun(SuiteRunner.java:319)
	at org.testng.SuiteRunner.run(SuiteRunner.java:268)
	at org.testng.SuiteRunnerWorker.runSuite(SuiteRunnerWorker.java:52)
	at org.testng.SuiteRunnerWorker.run(SuiteRunnerWorker.java:86)
	at org.testng.TestNG.runSuitesSequentially(TestNG.java:1244)
	at org.testng.TestNG.runSuitesLocally(TestNG.java:1169)
	at org.testng.TestNG.run(TestNG.java:1064)
	at org.testng.remote.RemoteTestNG.run(RemoteTestNG.java:113)
	at org.testng.remote.RemoteTestNG.initAndRun(RemoteTestNG.java:206)
	at org.testng.remote.RemoteTestNG.main(RemoteTestNG.java:177)

</div> <!-- stack-trace -->
                </div> <!-- method-content -->
              </div> <!-- method -->
              <div class="method">
                <div class="method-content">
                  <a name="deleteJobTitleTest({Job Title=Project Manager, BrowserName=Chrome, Runmode=N, Expected Result=Fail})">
                  </a> <!-- deleteJobTitleTest({Job Title=Project Manager, BrowserName=Chrome, Runmode=N, Expected Result=Fail}) -->
                  <span class="method-name">deleteJobTitleTest</span>
                  <span class="parameters">({Job Title=Project Manager, BrowserName=Chrome, Runmode=N, Expected Result=Fail})</span>
                  <div class="stack-trace">org.testng.SkipException: Skipping as Test Case Runmode is No
	at com.hrms.orangehrms.project.testcases.Admin_JobConfigTest.deleteJobTitleTest(Admin_JobConfigTest.java:156)
	at sun.reflect.NativeMethodAccessorImpl.invoke0(Native Method)
	at sun.reflect.NativeMethodAccessorImpl.invoke(Unknown Source)
	at sun.reflect.DelegatingMethodAccessorImpl.invoke(Unknown Source)
	at java.lang.reflect.Method.invoke(Unknown Source)
	at org.testng.internal.MethodInvocationHelper.invokeMethod(MethodInvocationHelper.java:86)
	at org.testng.internal.Invoker.invokeMethod(Invoker.java:643)
	at org.testng.internal.Invoker.invokeTestMethod(Invoker.java:820)
	at org.testng.internal.Invoker.invokeTestMethods(Invoker.java:1128)
	at org.testng.internal.TestMethodWorker.invokeTestMethods(TestMethodWorker.java:129)
	at org.testng.internal.TestMethodWorker.run(TestMethodWorker.java:112)
	at org.testng.TestRunner.privateRun(TestRunner.java:782)
	at org.testng.TestRunner.run(TestRunner.java:632)
	at org.testng.SuiteRunner.runTest(SuiteRunner.java:366)
	at org.testng.SuiteRunner.runSequentially(SuiteRunner.java:361)
	at org.testng.SuiteRunner.privateRun(SuiteRunner.java:319)
	at org.testng.SuiteRunner.run(SuiteRunner.java:268)
	at org.testng.SuiteRunnerWorker.runSuite(SuiteRunnerWorker.java:52)
	at org.testng.SuiteRunnerWorker.run(SuiteRunnerWorker.java:86)
	at org.testng.TestNG.runSuitesSequentially(TestNG.java:1244)
	at org.testng.TestNG.runSuitesLocally(TestNG.java:1169)
	at org.testng.TestNG.run(TestNG.java:1064)
	at org.testng.remote.RemoteTestNG.run(RemoteTestNG.java:113)
	at org.testng.remote.RemoteTestNG.initAndRun(RemoteTestNG.java:206)
	at org.testng.remote.RemoteTestNG.main(RemoteTestNG.java:177)

</div> <!-- stack-trace -->
                </div> <!-- method-content -->
              </div> <!-- method -->
              <div class="method">
                <div class="method-content">
                  <a name="editJobTitleTest({New Job Title=ICT Business Analyst, BrowserName=Chrome, Runmode=Y, Attachment=Random, Old Job Title...)">
                  </a> <!-- editJobTitleTest({New Job Title=ICT Business Analyst, BrowserName=Chrome, Runmode=Y, Attachment=Random, Old Job Title...) -->
                  <span class="method-name">editJobTitleTest</span>
                  <span class="parameters">({New Job Title=ICT Business Analyst, BrowserName=Chrome, Runmode=Y, Attachment=Random, Old Job Title=Business Analyst, Duplicate=N, Job Specification=})</span>
                  <div class="stack-trace">org.testng.SkipException: Skipping as Test Case Runmode is No
	at com.hrms.orangehrms.project.testcases.Admin_JobConfigTest.editJobTitleTest(Admin_JobConfigTest.java:218)
	at sun.reflect.NativeMethodAccessorImpl.invoke0(Native Method)
	at sun.reflect.NativeMethodAccessorImpl.invoke(Unknown Source)
	at sun.reflect.DelegatingMethodAccessorImpl.invoke(Unknown Source)
	at java.lang.reflect.Method.invoke(Unknown Source)
	at org.testng.internal.MethodInvocationHelper.invokeMethod(MethodInvocationHelper.java:86)
	at org.testng.internal.Invoker.invokeMethod(Invoker.java:643)
	at org.testng.internal.Invoker.invokeTestMethod(Invoker.java:820)
	at org.testng.internal.Invoker.invokeTestMethods(Invoker.java:1128)
	at org.testng.internal.TestMethodWorker.invokeTestMethods(TestMethodWorker.java:129)
	at org.testng.internal.TestMethodWorker.run(TestMethodWorker.java:112)
	at org.testng.TestRunner.privateRun(TestRunner.java:782)
	at org.testng.TestRunner.run(TestRunner.java:632)
	at org.testng.SuiteRunner.runTest(SuiteRunner.java:366)
	at org.testng.SuiteRunner.runSequentially(SuiteRunner.java:361)
	at org.testng.SuiteRunner.privateRun(SuiteRunner.java:319)
	at org.testng.SuiteRunner.run(SuiteRunner.java:268)
	at org.testng.SuiteRunnerWorker.runSuite(SuiteRunnerWorker.java:52)
	at org.testng.SuiteRunnerWorker.run(SuiteRunnerWorker.java:86)
	at org.testng.TestNG.runSuitesSequentially(TestNG.java:1244)
	at org.testng.TestNG.runSuitesLocally(TestNG.java:1169)
	at org.testng.TestNG.run(TestNG.java:1064)
	at org.testng.remote.RemoteTestNG.run(RemoteTestNG.java:113)
	at org.testng.remote.RemoteTestNG.initAndRun(RemoteTestNG.java:206)
	at org.testng.remote.RemoteTestNG.main(RemoteTestNG.java:177)

</div> <!-- stack-trace -->
                </div> <!-- method-content -->
              </div> <!-- method -->
              <div class="method">
                <div class="method-content">
                  <a name="editJobTitleTest({New Job Title=Test Architect, BrowserName=Chrome, Runmode=Y, Attachment=Random, Old Job Title=Test ...)">
                  </a> <!-- editJobTitleTest({New Job Title=Test Architect, BrowserName=Chrome, Runmode=Y, Attachment=Random, Old Job Title=Test ...) -->
                  <span class="method-name">editJobTitleTest</span>
                  <span class="parameters">({New Job Title=Test Architect, BrowserName=Chrome, Runmode=Y, Attachment=Random, Old Job Title=Test Architect, Duplicate=N, Job Specification=Replace Current})</span>
                  <div class="stack-trace">org.testng.SkipException: Skipping as Test Case Runmode is No
	at com.hrms.orangehrms.project.testcases.Admin_JobConfigTest.editJobTitleTest(Admin_JobConfigTest.java:218)
	at sun.reflect.NativeMethodAccessorImpl.invoke0(Native Method)
	at sun.reflect.NativeMethodAccessorImpl.invoke(Unknown Source)
	at sun.reflect.DelegatingMethodAccessorImpl.invoke(Unknown Source)
	at java.lang.reflect.Method.invoke(Unknown Source)
	at org.testng.internal.MethodInvocationHelper.invokeMethod(MethodInvocationHelper.java:86)
	at org.testng.internal.Invoker.invokeMethod(Invoker.java:643)
	at org.testng.internal.Invoker.invokeTestMethod(Invoker.java:820)
	at org.testng.internal.Invoker.invokeTestMethods(Invoker.java:1128)
	at org.testng.internal.TestMethodWorker.invokeTestMethods(TestMethodWorker.java:129)
	at org.testng.internal.TestMethodWorker.run(TestMethodWorker.java:112)
	at org.testng.TestRunner.privateRun(TestRunner.java:782)
	at org.testng.TestRunner.run(TestRunner.java:632)
	at org.testng.SuiteRunner.runTest(SuiteRunner.java:366)
	at org.testng.SuiteRunner.runSequentially(SuiteRunner.java:361)
	at org.testng.SuiteRunner.privateRun(SuiteRunner.java:319)
	at org.testng.SuiteRunner.run(SuiteRunner.java:268)
	at org.testng.SuiteRunnerWorker.runSuite(SuiteRunnerWorker.java:52)
	at org.testng.SuiteRunnerWorker.run(SuiteRunnerWorker.java:86)
	at org.testng.TestNG.runSuitesSequentially(TestNG.java:1244)
	at org.testng.TestNG.runSuitesLocally(TestNG.java:1169)
	at org.testng.TestNG.run(TestNG.java:1064)
	at org.testng.remote.RemoteTestNG.run(RemoteTestNG.java:113)
	at org.testng.remote.RemoteTestNG.initAndRun(RemoteTestNG.java:206)
	at org.testng.remote.RemoteTestNG.main(RemoteTestNG.java:177)

</div> <!-- stack-trace -->
                </div> <!-- method-content -->
              </div> <!-- method -->
              <div class="method">
                <div class="method-content">
                  <a name="editJobTitleTest({New Job Title=Software Engineer, BrowserName=Chrome, Runmode=Y, Attachment=, Old Job Title=Software...)">
                  </a> <!-- editJobTitleTest({New Job Title=Software Engineer, BrowserName=Chrome, Runmode=Y, Attachment=, Old Job Title=Software...) -->
                  <span class="method-name">editJobTitleTest</span>
                  <span class="parameters">({New Job Title=Software Engineer, BrowserName=Chrome, Runmode=Y, Attachment=, Old Job Title=Software Engineer, Duplicate=N, Job Specification=Keep Current})</span>
                  <div class="stack-trace">org.testng.SkipException: Skipping as Test Case Runmode is No
	at com.hrms.orangehrms.project.testcases.Admin_JobConfigTest.editJobTitleTest(Admin_JobConfigTest.java:218)
	at sun.reflect.NativeMethodAccessorImpl.invoke0(Native Method)
	at sun.reflect.NativeMethodAccessorImpl.invoke(Unknown Source)
	at sun.reflect.DelegatingMethodAccessorImpl.invoke(Unknown Source)
	at java.lang.reflect.Method.invoke(Unknown Source)
	at org.testng.internal.MethodInvocationHelper.invokeMethod(MethodInvocationHelper.java:86)
	at org.testng.internal.Invoker.invokeMethod(Invoker.java:643)
	at org.testng.internal.Invoker.invokeTestMethod(Invoker.java:820)
	at org.testng.internal.Invoker.invokeTestMethods(Invoker.java:1128)
	at org.testng.internal.TestMethodWorker.invokeTestMethods(TestMethodWorker.java:129)
	at org.testng.internal.TestMethodWorker.run(TestMethodWorker.java:112)
	at org.testng.TestRunner.privateRun(TestRunner.java:782)
	at org.testng.TestRunner.run(TestRunner.java:632)
	at org.testng.SuiteRunner.runTest(SuiteRunner.java:366)
	at org.testng.SuiteRunner.runSequentially(SuiteRunner.java:361)
	at org.testng.SuiteRunner.privateRun(SuiteRunner.java:319)
	at org.testng.SuiteRunner.run(SuiteRunner.java:268)
	at org.testng.SuiteRunnerWorker.runSuite(SuiteRunnerWorker.java:52)
	at org.testng.SuiteRunnerWorker.run(SuiteRunnerWorker.java:86)
	at org.testng.TestNG.runSuitesSequentially(TestNG.java:1244)
	at org.testng.TestNG.runSuitesLocally(TestNG.java:1169)
	at org.testng.TestNG.run(TestNG.java:1064)
	at org.testng.remote.RemoteTestNG.run(RemoteTestNG.java:113)
	at org.testng.remote.RemoteTestNG.initAndRun(RemoteTestNG.java:206)
	at org.testng.remote.RemoteTestNG.main(RemoteTestNG.java:177)

</div> <!-- stack-trace -->
                </div> <!-- method-content -->
              </div> <!-- method -->
              <div class="method">
                <div class="method-content">
                  <a name="editJobTitleTest({New Job Title=Test Architect, BrowserName=Chrome, Runmode=Y, Attachment=, Old Job Title=Software En...)">
                  </a> <!-- editJobTitleTest({New Job Title=Test Architect, BrowserName=Chrome, Runmode=Y, Attachment=, Old Job Title=Software En...) -->
                  <span class="method-name">editJobTitleTest</span>
                  <span class="parameters">({New Job Title=Test Architect, BrowserName=Chrome, Runmode=Y, Attachment=, Old Job Title=Software Engineer, Duplicate=Y, Job Specification=})</span>
                  <div class="stack-trace">org.testng.SkipException: Skipping as Test Case Runmode is No
	at com.hrms.orangehrms.project.testcases.Admin_JobConfigTest.editJobTitleTest(Admin_JobConfigTest.java:218)
	at sun.reflect.NativeMethodAccessorImpl.invoke0(Native Method)
	at sun.reflect.NativeMethodAccessorImpl.invoke(Unknown Source)
	at sun.reflect.DelegatingMethodAccessorImpl.invoke(Unknown Source)
	at java.lang.reflect.Method.invoke(Unknown Source)
	at org.testng.internal.MethodInvocationHelper.invokeMethod(MethodInvocationHelper.java:86)
	at org.testng.internal.Invoker.invokeMethod(Invoker.java:643)
	at org.testng.internal.Invoker.invokeTestMethod(Invoker.java:820)
	at org.testng.internal.Invoker.invokeTestMethods(Invoker.java:1128)
	at org.testng.internal.TestMethodWorker.invokeTestMethods(TestMethodWorker.java:129)
	at org.testng.internal.TestMethodWorker.run(TestMethodWorker.java:112)
	at org.testng.TestRunner.privateRun(TestRunner.java:782)
	at org.testng.TestRunner.run(TestRunner.java:632)
	at org.testng.SuiteRunner.runTest(SuiteRunner.java:366)
	at org.testng.SuiteRunner.runSequentially(SuiteRunner.java:361)
	at org.testng.SuiteRunner.privateRun(SuiteRunner.java:319)
	at org.testng.SuiteRunner.run(SuiteRunner.java:268)
	at org.testng.SuiteRunnerWorker.runSuite(SuiteRunnerWorker.java:52)
	at org.testng.SuiteRunnerWorker.run(SuiteRunnerWorker.java:86)
	at org.testng.TestNG.runSuitesSequentially(TestNG.java:1244)
	at org.testng.TestNG.runSuitesLocally(TestNG.java:1169)
	at org.testng.TestNG.run(TestNG.java:1064)
	at org.testng.remote.RemoteTestNG.run(RemoteTestNG.java:113)
	at org.testng.remote.RemoteTestNG.initAndRun(RemoteTestNG.java:206)
	at org.testng.remote.RemoteTestNG.main(RemoteTestNG.java:177)

</div> <!-- stack-trace -->
                </div> <!-- method-content -->
              </div> <!-- method -->
              <div class="method">
                <div class="method-content">
                  <a name="editJobTitleTest({New Job Title=Network Security Engineer, BrowserName=Chrome, Runmode=Y, Attachment=, Old Job Title=...)">
                  </a> <!-- editJobTitleTest({New Job Title=Network Security Engineer, BrowserName=Chrome, Runmode=Y, Attachment=, Old Job Title=...) -->
                  <span class="method-name">editJobTitleTest</span>
                  <span class="parameters">({New Job Title=Network Security Engineer, BrowserName=Chrome, Runmode=Y, Attachment=, Old Job Title=Network Engineer, Duplicate=N, Job Specification=})</span>
                  <div class="stack-trace">org.testng.SkipException: Skipping as Test Case Runmode is No
	at com.hrms.orangehrms.project.testcases.Admin_JobConfigTest.editJobTitleTest(Admin_JobConfigTest.java:218)
	at sun.reflect.NativeMethodAccessorImpl.invoke0(Native Method)
	at sun.reflect.NativeMethodAccessorImpl.invoke(Unknown Source)
	at sun.reflect.DelegatingMethodAccessorImpl.invoke(Unknown Source)
	at java.lang.reflect.Method.invoke(Unknown Source)
	at org.testng.internal.MethodInvocationHelper.invokeMethod(MethodInvocationHelper.java:86)
	at org.testng.internal.Invoker.invokeMethod(Invoker.java:643)
	at org.testng.internal.Invoker.invokeTestMethod(Invoker.java:820)
	at org.testng.internal.Invoker.invokeTestMethods(Invoker.java:1128)
	at org.testng.internal.TestMethodWorker.invokeTestMethods(TestMethodWorker.java:129)
	at org.testng.internal.TestMethodWorker.run(TestMethodWorker.java:112)
	at org.testng.TestRunner.privateRun(TestRunner.java:782)
	at org.testng.TestRunner.run(TestRunner.java:632)
	at org.testng.SuiteRunner.runTest(SuiteRunner.java:366)
	at org.testng.SuiteRunner.runSequentially(SuiteRunner.java:361)
	at org.testng.SuiteRunner.privateRun(SuiteRunner.java:319)
	at org.testng.SuiteRunner.run(SuiteRunner.java:268)
	at org.testng.SuiteRunnerWorker.runSuite(SuiteRunnerWorker.java:52)
	at org.testng.SuiteRunnerWorker.run(SuiteRunnerWorker.java:86)
	at org.testng.TestNG.runSuitesSequentially(TestNG.java:1244)
	at org.testng.TestNG.runSuitesLocally(TestNG.java:1169)
	at org.testng.TestNG.run(TestNG.java:1064)
	at org.testng.remote.RemoteTestNG.run(RemoteTestNG.java:113)
	at org.testng.remote.RemoteTestNG.initAndRun(RemoteTestNG.java:206)
	at org.testng.remote.RemoteTestNG.main(RemoteTestNG.java:177)

</div> <!-- stack-trace -->
                </div> <!-- method-content -->
              </div> <!-- method -->
              <div class="method">
                <div class="method-content">
                  <a name="editJobTitleTest({New Job Title=Sr. Software Engineer, BrowserName=Chrome, Runmode=Y, Attachment=E:\Selenium\OrangeHR...)">
                  </a> <!-- editJobTitleTest({New Job Title=Sr. Software Engineer, BrowserName=Chrome, Runmode=Y, Attachment=E:\Selenium\OrangeHR...) -->
                  <span class="method-name">editJobTitleTest</span>
                  <span class="parameters">({New Job Title=Sr. Software Engineer, BrowserName=Chrome, Runmode=Y, Attachment=E:\Selenium\OrangeHRM\OrangeHRMS_DDF_Framework\extentreports\abc.xml, Old Job Title=Sr. Software Engineer, Duplicate=N, Job Specification=Replace Current})</span>
                  <div class="stack-trace">org.testng.SkipException: Skipping as Test Case Runmode is No
	at com.hrms.orangehrms.project.testcases.Admin_JobConfigTest.editJobTitleTest(Admin_JobConfigTest.java:218)
	at sun.reflect.NativeMethodAccessorImpl.invoke0(Native Method)
	at sun.reflect.NativeMethodAccessorImpl.invoke(Unknown Source)
	at sun.reflect.DelegatingMethodAccessorImpl.invoke(Unknown Source)
	at java.lang.reflect.Method.invoke(Unknown Source)
	at org.testng.internal.MethodInvocationHelper.invokeMethod(MethodInvocationHelper.java:86)
	at org.testng.internal.Invoker.invokeMethod(Invoker.java:643)
	at org.testng.internal.Invoker.invokeTestMethod(Invoker.java:820)
	at org.testng.internal.Invoker.invokeTestMethods(Invoker.java:1128)
	at org.testng.internal.TestMethodWorker.invokeTestMethods(TestMethodWorker.java:129)
	at org.testng.internal.TestMethodWorker.run(TestMethodWorker.java:112)
	at org.testng.TestRunner.privateRun(TestRunner.java:782)
	at org.testng.TestRunner.run(TestRunner.java:632)
	at org.testng.SuiteRunner.runTest(SuiteRunner.java:366)
	at org.testng.SuiteRunner.runSequentially(SuiteRunner.java:361)
	at org.testng.SuiteRunner.privateRun(SuiteRunner.java:319)
	at org.testng.SuiteRunner.run(SuiteRunner.java:268)
	at org.testng.SuiteRunnerWorker.runSuite(SuiteRunnerWorker.java:52)
	at org.testng.SuiteRunnerWorker.run(SuiteRunnerWorker.java:86)
	at org.testng.TestNG.runSuitesSequentially(TestNG.java:1244)
	at org.testng.TestNG.runSuitesLocally(TestNG.java:1169)
	at org.testng.TestNG.run(TestNG.java:1064)
	at org.testng.remote.RemoteTestNG.run(RemoteTestNG.java:113)
	at org.testng.remote.RemoteTestNG.initAndRun(RemoteTestNG.java:206)
	at org.testng.remote.RemoteTestNG.main(RemoteTestNG.java:177)

</div> <!-- stack-trace -->
                </div> <!-- method-content -->
              </div> <!-- method -->
              <div class="method">
                <div class="method-content">
                  <a name="editJobTitleTest({New Job Title=QA Engineer, BrowserName=Chrome, Runmode=Y, Attachment=, Old Job Title=QA Engineer, D...)">
                  </a> <!-- editJobTitleTest({New Job Title=QA Engineer, BrowserName=Chrome, Runmode=Y, Attachment=, Old Job Title=QA Engineer, D...) -->
                  <span class="method-name">editJobTitleTest</span>
                  <span class="parameters">({New Job Title=QA Engineer, BrowserName=Chrome, Runmode=Y, Attachment=, Old Job Title=QA Engineer, Duplicate=N, Job Specification=Delete Current})</span>
                  <div class="stack-trace">org.testng.SkipException: Skipping as Test Case Runmode is No
	at com.hrms.orangehrms.project.testcases.Admin_JobConfigTest.editJobTitleTest(Admin_JobConfigTest.java:218)
	at sun.reflect.NativeMethodAccessorImpl.invoke0(Native Method)
	at sun.reflect.NativeMethodAccessorImpl.invoke(Unknown Source)
	at sun.reflect.DelegatingMethodAccessorImpl.invoke(Unknown Source)
	at java.lang.reflect.Method.invoke(Unknown Source)
	at org.testng.internal.MethodInvocationHelper.invokeMethod(MethodInvocationHelper.java:86)
	at org.testng.internal.Invoker.invokeMethod(Invoker.java:643)
	at org.testng.internal.Invoker.invokeTestMethod(Invoker.java:820)
	at org.testng.internal.Invoker.invokeTestMethods(Invoker.java:1128)
	at org.testng.internal.TestMethodWorker.invokeTestMethods(TestMethodWorker.java:129)
	at org.testng.internal.TestMethodWorker.run(TestMethodWorker.java:112)
	at org.testng.TestRunner.privateRun(TestRunner.java:782)
	at org.testng.TestRunner.run(TestRunner.java:632)
	at org.testng.SuiteRunner.runTest(SuiteRunner.java:366)
	at org.testng.SuiteRunner.runSequentially(SuiteRunner.java:361)
	at org.testng.SuiteRunner.privateRun(SuiteRunner.java:319)
	at org.testng.SuiteRunner.run(SuiteRunner.java:268)
	at org.testng.SuiteRunnerWorker.runSuite(SuiteRunnerWorker.java:52)
	at org.testng.SuiteRunnerWorker.run(SuiteRunnerWorker.java:86)
	at org.testng.TestNG.runSuitesSequentially(TestNG.java:1244)
	at org.testng.TestNG.runSuitesLocally(TestNG.java:1169)
	at org.testng.TestNG.run(TestNG.java:1064)
	at org.testng.remote.RemoteTestNG.run(RemoteTestNG.java:113)
	at org.testng.remote.RemoteTestNG.initAndRun(RemoteTestNG.java:206)
	at org.testng.remote.RemoteTestNG.main(RemoteTestNG.java:177)

</div> <!-- stack-trace -->
                </div> <!-- method-content -->
              </div> <!-- method -->
            </div> <!-- main-panel-content rounded-window-bottom -->
          </div> <!-- suite-Default_suite-class-skipped -->
        </div> <!-- panel Default_suite -->
        <div panel-name="test-xml-Default_suite" class="panel">
          <div class="main-panel-header rounded-window-top">
            <span class="header-content">C:\Users\PC\AppData\Local\Temp\testng-eclipse-826612133\testng-customsuite.xml</span>
          </div> <!-- main-panel-header rounded-window-top -->
          <div class="main-panel-content rounded-window-bottom">
            <pre>
&lt;?xml version=&quot;1.0&quot; encoding=&quot;UTF-8&quot;?&gt;
&lt;!DOCTYPE suite SYSTEM &quot;http://testng.org/testng-1.0.dtd&quot;&gt;
&lt;suite guice-stage=&quot;DEVELOPMENT&quot; name=&quot;Default suite&quot;&gt;
  &lt;test verbose=&quot;2&quot; name=&quot;Default test&quot;&gt;
    &lt;classes&gt;
      &lt;class name=&quot;com.hrms.orangehrms.project.testcases.Admin_JobConfigTest&quot;/&gt;
    &lt;/classes&gt;
  &lt;/test&gt; &lt;!-- Default test --&gt;
&lt;/suite&gt; &lt;!-- Default suite --&gt;
            </pre>
          </div> <!-- main-panel-content rounded-window-bottom -->
        </div> <!-- panel -->
        <div panel-name="testlist-Default_suite" class="panel">
          <div class="main-panel-header rounded-window-top">
            <span class="header-content">Tests for Default suite</span>
          </div> <!-- main-panel-header rounded-window-top -->
          <div class="main-panel-content rounded-window-bottom">
            <ul>
              <li>
                <span class="test-name">Default test (1 class)</span>
              </li>
            </ul>
          </div> <!-- main-panel-content rounded-window-bottom -->
        </div> <!-- panel -->
        <div panel-name="group-Default_suite" class="panel">
          <div class="main-panel-header rounded-window-top">
            <span class="header-content">Groups for Default suite</span>
          </div> <!-- main-panel-header rounded-window-top -->
          <div class="main-panel-content rounded-window-bottom">
          </div> <!-- main-panel-content rounded-window-bottom -->
        </div> <!-- panel -->
        <div panel-name="times-Default_suite" class="panel">
          <div class="main-panel-header rounded-window-top">
            <span class="header-content">Times for Default suite</span>
          </div> <!-- main-panel-header rounded-window-top -->
          <div class="main-panel-content rounded-window-bottom">
            <div class="times-div">
              <script type="text/javascript">
suiteTableInitFunctions.push('tableData_Default_suite');
function tableData_Default_suite() {
var data = new google.visualization.DataTable();
data.addColumn('number', 'Number');
data.addColumn('string', 'Method');
data.addColumn('string', 'Class');
data.addColumn('number', 'Time (ms)');
data.addRows(17);
data.setCell(0, 0, 0)
data.setCell(0, 1, 'addJobTitles')
data.setCell(0, 2, 'com.hrms.orangehrms.project.testcases.Admin_JobConfigTest')
data.setCell(0, 3, 52473);
data.setCell(1, 0, 1)
data.setCell(1, 1, 'addJobTitles')
data.setCell(1, 2, 'com.hrms.orangehrms.project.testcases.Admin_JobConfigTest')
data.setCell(1, 3, 8);
data.setCell(2, 0, 2)
data.setCell(2, 1, 'addJobTitles')
data.setCell(2, 2, 'com.hrms.orangehrms.project.testcases.Admin_JobConfigTest')
data.setCell(2, 3, 3);
data.setCell(3, 0, 3)
data.setCell(3, 1, 'editJobTitleTest')
data.setCell(3, 2, 'com.hrms.orangehrms.project.testcases.Admin_JobConfigTest')
data.setCell(3, 3, 2);
data.setCell(4, 0, 4)
data.setCell(4, 1, 'addJobTitles')
data.setCell(4, 2, 'com.hrms.orangehrms.project.testcases.Admin_JobConfigTest')
data.setCell(4, 3, 2);
data.setCell(5, 0, 5)
data.setCell(5, 1, 'deleteJobTitleTest')
data.setCell(5, 2, 'com.hrms.orangehrms.project.testcases.Admin_JobConfigTest')
data.setCell(5, 3, 2);
data.setCell(6, 0, 6)
data.setCell(6, 1, 'editJobTitleTest')
data.setCell(6, 2, 'com.hrms.orangehrms.project.testcases.Admin_JobConfigTest')
data.setCell(6, 3, 2);
data.setCell(7, 0, 7)
data.setCell(7, 1, 'addJobTitles')
data.setCell(7, 2, 'com.hrms.orangehrms.project.testcases.Admin_JobConfigTest')
data.setCell(7, 3, 1);
data.setCell(8, 0, 8)
data.setCell(8, 1, 'editJobTitleTest')
data.setCell(8, 2, 'com.hrms.orangehrms.project.testcases.Admin_JobConfigTest')
data.setCell(8, 3, 1);
data.setCell(9, 0, 9)
data.setCell(9, 1, 'editJobTitleTest')
data.setCell(9, 2, 'com.hrms.orangehrms.project.testcases.Admin_JobConfigTest')
data.setCell(9, 3, 1);
data.setCell(10, 0, 10)
data.setCell(10, 1, 'deleteJobTitleTest')
data.setCell(10, 2, 'com.hrms.orangehrms.project.testcases.Admin_JobConfigTest')
data.setCell(10, 3, 1);
data.setCell(11, 0, 11)
data.setCell(11, 1, 'addJobTitles')
data.setCell(11, 2, 'com.hrms.orangehrms.project.testcases.Admin_JobConfigTest')
data.setCell(11, 3, 1);
data.setCell(12, 0, 12)
data.setCell(12, 1, 'editJobTitleTest')
data.setCell(12, 2, 'com.hrms.orangehrms.project.testcases.Admin_JobConfigTest')
data.setCell(12, 3, 1);
data.setCell(13, 0, 13)
data.setCell(13, 1, 'addJobTitles')
data.setCell(13, 2, 'com.hrms.orangehrms.project.testcases.Admin_JobConfigTest')
data.setCell(13, 3, 1);
data.setCell(14, 0, 14)
data.setCell(14, 1, 'deleteJobTitleTest')
data.setCell(14, 2, 'com.hrms.orangehrms.project.testcases.Admin_JobConfigTest')
data.setCell(14, 3, 1);
data.setCell(15, 0, 15)
data.setCell(15, 1, 'editJobTitleTest')
data.setCell(15, 2, 'com.hrms.orangehrms.project.testcases.Admin_JobConfigTest')
data.setCell(15, 3, 1);
data.setCell(16, 0, 16)
data.setCell(16, 1, 'editJobTitleTest')
data.setCell(16, 2, 'com.hrms.orangehrms.project.testcases.Admin_JobConfigTest')
data.setCell(16, 3, 1);
window.suiteTableData['Default_suite']= { tableData: data, tableDiv: 'times-div-Default_suite'}
return data;
}
              </script>
              <span class="suite-total-time">Total running time: 52 seconds</span>
              <div id="times-div-Default_suite">
              </div> <!-- times-div-Default_suite -->
            </div> <!-- times-div -->
          </div> <!-- main-panel-content rounded-window-bottom -->
        </div> <!-- panel -->
        <div panel-name="reporter-Default_suite" class="panel">
          <div class="main-panel-header rounded-window-top">
            <span class="header-content">Reporter output for Default suite</span>
          </div> <!-- main-panel-header rounded-window-top -->
          <div class="main-panel-content rounded-window-bottom">
          </div> <!-- main-panel-content rounded-window-bottom -->
        </div> <!-- panel -->
        <div panel-name="ignored-methods-Default_suite" class="panel">
          <div class="main-panel-header rounded-window-top">
            <span class="header-content">0 ignored methods</span>
          </div> <!-- main-panel-header rounded-window-top -->
          <div class="main-panel-content rounded-window-bottom">
          </div> <!-- main-panel-content rounded-window-bottom -->
        </div> <!-- panel -->
        <div panel-name="chronological-Default_suite" class="panel">
          <div class="main-panel-header rounded-window-top">
            <span class="header-content">Methods in chronological order</span>
          </div> <!-- main-panel-header rounded-window-top -->
          <div class="main-panel-content rounded-window-bottom">
            <div class="chronological-class">
              <div class="chronological-class-name">com.hrms.orangehrms.project.testcases.Admin_JobConfigTest</div> <!-- chronological-class-name -->
              <div class="configuration-test before">
                <span class="method-name">startUp</span>
                <span class="method-start">0 ms</span>
              </div> <!-- configuration-test before -->
              <div class="configuration-method before">
                <span class="method-name">create</span>
                <span class="method-start">504 ms</span>
              </div> <!-- configuration-method before -->
              <div class="test-method">
                <span class="method-name">addJobTitles({Note=Write code to solve a business problem, Job Title=Software Engineer, BrowserName=Chrome, Runmo...)</span>
                <span class="method-start">506 ms</span>
              </div> <!-- test-method -->
              <div class="configuration-method after">
                <span class="method-name">destroy</span>
                <span class="method-start">515 ms</span>
              </div> <!-- configuration-method after -->
              <div class="test-method">
                <span class="method-name">addJobTitles({Note=Write test cases, Job Title=Software Tester, BrowserName=Chrome, Runmode=N, Duplicate=N, Job D...)</span>
                <span class="method-start">516 ms</span>
              </div> <!-- test-method -->
              <div class="configuration-method before">
                <span class="method-name">create</span>
                <span class="method-start">516 ms</span>
              </div> <!-- configuration-method before -->
              <div class="test-method">
                <span class="method-name">addJobTitles({Note=Write code to automate testing, Job Title=Test Architect, BrowserName=Chrome, Runmode=N, Dupli...)</span>
                <span class="method-start">520 ms</span>
              </div> <!-- test-method -->
              <div class="configuration-method before">
                <span class="method-name">create</span>
                <span class="method-start">520 ms</span>
              </div> <!-- configuration-method before -->
              <div class="configuration-method after">
                <span class="method-name">destroy</span>
                <span class="method-start">520 ms</span>
              </div> <!-- configuration-method after -->
              <div class="configuration-method before">
                <span class="method-name">create</span>
                <span class="method-start">522 ms</span>
              </div> <!-- configuration-method before -->
              <div class="configuration-method after">
                <span class="method-name">destroy</span>
                <span class="method-start">522 ms</span>
              </div> <!-- configuration-method after -->
              <div class="test-method">
                <span class="method-name">addJobTitles({Note=Maintain and add new components to the network, Job Title=, BrowserName=Chrome, Runmode=N, Dup...)</span>
                <span class="method-start">523 ms</span>
              </div> <!-- test-method -->
              <div class="test-method">
                <span class="method-name">addJobTitles({Note=Maintain and add new components to the network, Job Title=Network Engineer, BrowserName=Chrome...)</span>
                <span class="method-start">525 ms</span>
              </div> <!-- test-method -->
              <div class="configuration-method before">
                <span class="method-name">create</span>
                <span class="method-start">525 ms</span>
              </div> <!-- configuration-method before -->
              <div class="configuration-method after">
                <span class="method-name">destroy</span>
                <span class="method-start">525 ms</span>
              </div> <!-- configuration-method after -->
              <div class="configuration-method after">
                <span class="method-name">destroy</span>
                <span class="method-start">528 ms</span>
              </div> <!-- configuration-method after -->
              <div class="test-method">
                <span class="method-name">addJobTitles({Note=Write test cases, Job Title=Sr. Software Tester, BrowserName=Chrome, Runmode=N, Duplicate=N, J...)</span>
                <span class="method-start">529 ms</span>
              </div> <!-- test-method -->
              <div class="configuration-method before">
                <span class="method-name">create</span>
                <span class="method-start">529 ms</span>
              </div> <!-- configuration-method before -->
              <div class="configuration-method after">
                <span class="method-name">destroy</span>
                <span class="method-start">532 ms</span>
              </div> <!-- configuration-method after -->
              <div class="test-method">
                <img src="failed.png">
                </img>
                <span class="method-name">addJobTitles({Note=Write and maintain the quality assurance process, Job Title=QA Engineer, BrowserName=Chrome, R...)</span>
                <span class="method-start">533 ms</span>
              </div> <!-- test-method -->
              <div class="configuration-method before">
                <span class="method-name">create</span>
                <span class="method-start">533 ms</span>
              </div> <!-- configuration-method before -->
              <div class="configuration-method after">
                <span class="method-name">destroy</span>
                <span class="method-start">53008 ms</span>
              </div> <!-- configuration-method after -->
              <div class="configuration-method before">
                <span class="method-name">create</span>
                <span class="method-start">53074 ms</span>
              </div> <!-- configuration-method before -->
              <div class="test-method">
                <span class="method-name">deleteJobTitleTest({Job Title=Software Tester, BrowserName=Chrome, Runmode=Y, Expected Result=Pass})</span>
                <span class="method-start">53074 ms</span>
              </div> <!-- test-method -->
              <div class="configuration-method after">
                <span class="method-name">destroy</span>
                <span class="method-start">53077 ms</span>
              </div> <!-- configuration-method after -->
              <div class="configuration-method before">
                <span class="method-name">create</span>
                <span class="method-start">53078 ms</span>
              </div> <!-- configuration-method before -->
              <div class="test-method">
                <span class="method-name">deleteJobTitleTest({Job Title=Network Engineer, BrowserName=Chrome, Runmode=N, Expected Result=Pass})</span>
                <span class="method-start">53078 ms</span>
              </div> <!-- test-method -->
              <div class="configuration-method before">
                <span class="method-name">create</span>
                <span class="method-start">53081 ms</span>
              </div> <!-- configuration-method before -->
              <div class="test-method">
                <span class="method-name">deleteJobTitleTest({Job Title=Project Manager, BrowserName=Chrome, Runmode=N, Expected Result=Fail})</span>
                <span class="method-start">53081 ms</span>
              </div> <!-- test-method -->
              <div class="configuration-method after">
                <span class="method-name">destroy</span>
                <span class="method-start">53081 ms</span>
              </div> <!-- configuration-method after -->
              <div class="configuration-method after">
                <span class="method-name">destroy</span>
                <span class="method-start">53083 ms</span>
              </div> <!-- configuration-method after -->
              <div class="configuration-method before">
                <span class="method-name">create</span>
                <span class="method-start">53123 ms</span>
              </div> <!-- configuration-method before -->
              <div class="test-method">
                <span class="method-name">editJobTitleTest({New Job Title=Test Architect, BrowserName=Chrome, Runmode=Y, Attachment=, Old Job Title=Software En...)</span>
                <span class="method-start">53123 ms</span>
              </div> <!-- test-method -->
              <div class="configuration-method after">
                <span class="method-name">destroy</span>
                <span class="method-start">53125 ms</span>
              </div> <!-- configuration-method after -->
              <div class="configuration-method before">
                <span class="method-name">create</span>
                <span class="method-start">53126 ms</span>
              </div> <!-- configuration-method before -->
              <div class="test-method">
                <span class="method-name">editJobTitleTest({New Job Title=ICT Business Analyst, BrowserName=Chrome, Runmode=Y, Attachment=Random, Old Job Title...)</span>
                <span class="method-start">53126 ms</span>
              </div> <!-- test-method -->
              <div class="configuration-method before">
                <span class="method-name">create</span>
                <span class="method-start">53128 ms</span>
              </div> <!-- configuration-method before -->
              <div class="configuration-method after">
                <span class="method-name">destroy</span>
                <span class="method-start">53128 ms</span>
              </div> <!-- configuration-method after -->
              <div class="test-method">
                <span class="method-name">editJobTitleTest({New Job Title=Network Security Engineer, BrowserName=Chrome, Runmode=Y, Attachment=, Old Job Title=...)</span>
                <span class="method-start">53128 ms</span>
              </div> <!-- test-method -->
              <div class="configuration-method before">
                <span class="method-name">create</span>
                <span class="method-start">53130 ms</span>
              </div> <!-- configuration-method before -->
              <div class="configuration-method after">
                <span class="method-name">destroy</span>
                <span class="method-start">53130 ms</span>
              </div> <!-- configuration-method after -->
              <div class="test-method">
                <span class="method-name">editJobTitleTest({New Job Title=Test Architect, BrowserName=Chrome, Runmode=Y, Attachment=Random, Old Job Title=Test ...)</span>
                <span class="method-start">53130 ms</span>
              </div> <!-- test-method -->
              <div class="configuration-method before">
                <span class="method-name">create</span>
                <span class="method-start">53131 ms</span>
              </div> <!-- configuration-method before -->
              <div class="configuration-method after">
                <span class="method-name">destroy</span>
                <span class="method-start">53131 ms</span>
              </div> <!-- configuration-method after -->
              <div class="test-method">
                <span class="method-name">editJobTitleTest({New Job Title=Software Engineer, BrowserName=Chrome, Runmode=Y, Attachment=, Old Job Title=Software...)</span>
                <span class="method-start">53131 ms</span>
              </div> <!-- test-method -->
              <div class="configuration-method before">
                <span class="method-name">create</span>
                <span class="method-start">53133 ms</span>
              </div> <!-- configuration-method before -->
              <div class="configuration-method after">
                <span class="method-name">destroy</span>
                <span class="method-start">53133 ms</span>
              </div> <!-- configuration-method after -->
              <div class="test-method">
                <span class="method-name">editJobTitleTest({New Job Title=Sr. Software Engineer, BrowserName=Chrome, Runmode=Y, Attachment=E:\Selenium\OrangeHR...)</span>
                <span class="method-start">53133 ms</span>
              </div> <!-- test-method -->
              <div class="configuration-method after">
                <span class="method-name">destroy</span>
                <span class="method-start">53135 ms</span>
              </div> <!-- configuration-method after -->
              <div class="configuration-method before">
                <span class="method-name">create</span>
                <span class="method-start">53136 ms</span>
              </div> <!-- configuration-method before -->
              <div class="test-method">
                <span class="method-name">editJobTitleTest({New Job Title=QA Engineer, BrowserName=Chrome, Runmode=Y, Attachment=, Old Job Title=QA Engineer, D...)</span>
                <span class="method-start">53136 ms</span>
              </div> <!-- test-method -->
              <div class="configuration-method after">
                <span class="method-name">destroy</span>
                <span class="method-start">53139 ms</span>
              </div> <!-- configuration-method after -->
              <div class="configuration-test after">
                <span class="method-name">tearDown</span>
                <span class="method-start">53140 ms</span>
              </div> <!-- configuration-test after -->
          </div> <!-- main-panel-content rounded-window-bottom -->
        </div> <!-- panel -->
      </div> <!-- main-panel-root -->
    </div> <!-- wrapper -->
  </body>
</html>
