<?xml version="1.0" encoding="UTF-8"?>
<testng-results skipped="17" failed="0" total="18" passed="1">
  <reporter-output>
  </reporter-output>
  <suite name="Default suite" duration-ms="65821" started-at="2016-09-10T02:18:45Z" finished-at="2016-09-10T02:19:51Z">
    <groups>
    </groups>
    <test name="Default test" duration-ms="65821" started-at="2016-09-10T02:18:45Z" finished-at="2016-09-10T02:19:51Z">
      <class name="com.hrms.orangehrms.project.testcases.Admin_JobConfigTest">
        <test-method status="PASS" signature="startUp()[pri:0, instance:com.hrms.orangehrms.project.testcases.Admin_JobConfigTest@56ac3a89]" name="startUp" is-config="true" duration-ms="9" started-at="2016-09-10T07:48:45Z" finished-at="2016-09-10T07:48:45Z">
          <reporter-output>
          </reporter-output>
        </test-method> <!-- startUp -->
        <test-method status="PASS" signature="create()[pri:0, instance:com.hrms.orangehrms.project.testcases.Admin_JobConfigTest@56ac3a89]" name="create" is-config="true" duration-ms="2" started-at="2016-09-10T07:48:46Z" finished-at="2016-09-10T07:48:46Z">
          <reporter-output>
          </reporter-output>
        </test-method> <!-- create -->
        <test-method status="SKIP" signature="addJobTitles(java.util.Hashtable)[pri:0, instance:com.hrms.orangehrms.project.testcases.Admin_JobConfigTest@56ac3a89]" name="addJobTitles" duration-ms="8" started-at="2016-09-10T07:48:46Z" data-provider="getData" finished-at="2016-09-10T07:48:46Z">
          <params>
            <param index="0">
              <value>
                <![CDATA[{Note=Write code to solve a business problem, Job Title=Software Engineer, BrowserName=Chrome, Runmode=Y, Duplicate=Y, Job Description=Design software systems, Job Specification=Random}]]>
              </value>
            </param>
          </params>
          <exception class="org.testng.SkipException">
            <message>
              <![CDATA[Skipping as Test Case Runmode is No]]>
            </message>
            <full-stacktrace>
              <![CDATA[org.testng.SkipException: Skipping as Test Case Runmode is No
	at com.hrms.orangehrms.project.testcases.Admin_JobConfigTest.addJobTitles(Admin_JobConfigTest.java:43)
	at sun.reflect.NativeMethodAccessorImpl.invoke0(Native Method)
	at sun.reflect.NativeMethodAccessorImpl.invoke(Unknown Source)
	at sun.reflect.DelegatingMethodAccessorImpl.invoke(Unknown Source)
	at java.lang.reflect.Method.invoke(Unknown Source)
	at org.testng.internal.MethodInvocationHelper.invokeMethod(MethodInvocationHelper.java:86)
	at org.testng.internal.Invoker.invokeMethod(Invoker.java:643)
	at org.testng.internal.Invoker.invokeTestMethod(Invoker.java:820)
	at org.testng.internal.Invoker.invokeTestMethods(Invoker.java:1128)
	at org.testng.internal.TestMethodWorker.invokeTestMethods(TestMethodWorker.java:129)
	at org.testng.internal.TestMethodWorker.run(TestMethodWorker.java:112)
	at org.testng.TestRunner.privateRun(TestRunner.java:782)
	at org.testng.TestRunner.run(TestRunner.java:632)
	at org.testng.SuiteRunner.runTest(SuiteRunner.java:366)
	at org.testng.SuiteRunner.runSequentially(SuiteRunner.java:361)
	at org.testng.SuiteRunner.privateRun(SuiteRunner.java:319)
	at org.testng.SuiteRunner.run(SuiteRunner.java:268)
	at org.testng.SuiteRunnerWorker.runSuite(SuiteRunnerWorker.java:52)
	at org.testng.SuiteRunnerWorker.run(SuiteRunnerWorker.java:86)
	at org.testng.TestNG.runSuitesSequentially(TestNG.java:1244)
	at org.testng.TestNG.runSuitesLocally(TestNG.java:1169)
	at org.testng.TestNG.run(TestNG.java:1064)
	at org.testng.remote.RemoteTestNG.run(RemoteTestNG.java:113)
	at org.testng.remote.RemoteTestNG.initAndRun(RemoteTestNG.java:206)
	at org.testng.remote.RemoteTestNG.main(RemoteTestNG.java:177)
]]>
            </full-stacktrace>
          </exception> <!-- org.testng.SkipException -->
          <reporter-output>
          </reporter-output>
        </test-method> <!-- addJobTitles -->
        <test-method status="SKIP" signature="addJobTitles(java.util.Hashtable)[pri:0, instance:com.hrms.orangehrms.project.testcases.Admin_JobConfigTest@56ac3a89]" name="addJobTitles" duration-ms="1" started-at="2016-09-10T07:48:46Z" data-provider="getData" finished-at="2016-09-10T07:48:46Z">
          <params>
            <param index="0">
              <value>
                <![CDATA[{Note=Write test cases, Job Title=Software Tester, BrowserName=Chrome, Runmode=Y, Duplicate=N, Job Description=Find faults and defects in the system, Job Specification=Random}]]>
              </value>
            </param>
          </params>
          <exception class="org.testng.SkipException">
            <message>
              <![CDATA[Skipping as Test Case Runmode is No]]>
            </message>
            <full-stacktrace>
              <![CDATA[org.testng.SkipException: Skipping as Test Case Runmode is No
	at com.hrms.orangehrms.project.testcases.Admin_JobConfigTest.addJobTitles(Admin_JobConfigTest.java:43)
	at sun.reflect.NativeMethodAccessorImpl.invoke0(Native Method)
	at sun.reflect.NativeMethodAccessorImpl.invoke(Unknown Source)
	at sun.reflect.DelegatingMethodAccessorImpl.invoke(Unknown Source)
	at java.lang.reflect.Method.invoke(Unknown Source)
	at org.testng.internal.MethodInvocationHelper.invokeMethod(MethodInvocationHelper.java:86)
	at org.testng.internal.Invoker.invokeMethod(Invoker.java:643)
	at org.testng.internal.Invoker.invokeTestMethod(Invoker.java:820)
	at org.testng.internal.Invoker.invokeTestMethods(Invoker.java:1128)
	at org.testng.internal.TestMethodWorker.invokeTestMethods(TestMethodWorker.java:129)
	at org.testng.internal.TestMethodWorker.run(TestMethodWorker.java:112)
	at org.testng.TestRunner.privateRun(TestRunner.java:782)
	at org.testng.TestRunner.run(TestRunner.java:632)
	at org.testng.SuiteRunner.runTest(SuiteRunner.java:366)
	at org.testng.SuiteRunner.runSequentially(SuiteRunner.java:361)
	at org.testng.SuiteRunner.privateRun(SuiteRunner.java:319)
	at org.testng.SuiteRunner.run(SuiteRunner.java:268)
	at org.testng.SuiteRunnerWorker.runSuite(SuiteRunnerWorker.java:52)
	at org.testng.SuiteRunnerWorker.run(SuiteRunnerWorker.java:86)
	at org.testng.TestNG.runSuitesSequentially(TestNG.java:1244)
	at org.testng.TestNG.runSuitesLocally(TestNG.java:1169)
	at org.testng.TestNG.run(TestNG.java:1064)
	at org.testng.remote.RemoteTestNG.run(RemoteTestNG.java:113)
	at org.testng.remote.RemoteTestNG.initAndRun(RemoteTestNG.java:206)
	at org.testng.remote.RemoteTestNG.main(RemoteTestNG.java:177)
]]>
            </full-stacktrace>
          </exception> <!-- org.testng.SkipException -->
          <reporter-output>
          </reporter-output>
        </test-method> <!-- addJobTitles -->
        <test-method status="PASS" signature="create()[pri:0, instance:com.hrms.orangehrms.project.testcases.Admin_JobConfigTest@56ac3a89]" name="create" is-config="true" duration-ms="0" started-at="2016-09-10T07:48:46Z" finished-at="2016-09-10T07:48:46Z">
          <reporter-output>
          </reporter-output>
        </test-method> <!-- create -->
        <test-method status="PASS" signature="destroy()[pri:0, instance:com.hrms.orangehrms.project.testcases.Admin_JobConfigTest@56ac3a89]" name="destroy" is-config="true" duration-ms="0" started-at="2016-09-10T07:48:46Z" finished-at="2016-09-10T07:48:46Z">
          <reporter-output>
          </reporter-output>
        </test-method> <!-- destroy -->
        <test-method status="PASS" signature="destroy()[pri:0, instance:com.hrms.orangehrms.project.testcases.Admin_JobConfigTest@56ac3a89]" name="destroy" is-config="true" duration-ms="0" started-at="2016-09-10T07:48:46Z" finished-at="2016-09-10T07:48:46Z">
          <reporter-output>
          </reporter-output>
        </test-method> <!-- destroy -->
        <test-method status="PASS" signature="create()[pri:0, instance:com.hrms.orangehrms.project.testcases.Admin_JobConfigTest@56ac3a89]" name="create" is-config="true" duration-ms="0" started-at="2016-09-10T07:48:46Z" finished-at="2016-09-10T07:48:46Z">
          <reporter-output>
          </reporter-output>
        </test-method> <!-- create -->
        <test-method status="SKIP" signature="addJobTitles(java.util.Hashtable)[pri:0, instance:com.hrms.orangehrms.project.testcases.Admin_JobConfigTest@56ac3a89]" name="addJobTitles" duration-ms="1" started-at="2016-09-10T07:48:46Z" data-provider="getData" finished-at="2016-09-10T07:48:46Z">
          <params>
            <param index="0">
              <value>
                <![CDATA[{Note=Write code to automate testing, Job Title=Test Architect, BrowserName=Chrome, Runmode=Y, Duplicate=N, Job Description=Design automation frameworks, Job Specification=}]]>
              </value>
            </param>
          </params>
          <exception class="org.testng.SkipException">
            <message>
              <![CDATA[Skipping as Test Case Runmode is No]]>
            </message>
            <full-stacktrace>
              <![CDATA[org.testng.SkipException: Skipping as Test Case Runmode is No
	at com.hrms.orangehrms.project.testcases.Admin_JobConfigTest.addJobTitles(Admin_JobConfigTest.java:43)
	at sun.reflect.NativeMethodAccessorImpl.invoke0(Native Method)
	at sun.reflect.NativeMethodAccessorImpl.invoke(Unknown Source)
	at sun.reflect.DelegatingMethodAccessorImpl.invoke(Unknown Source)
	at java.lang.reflect.Method.invoke(Unknown Source)
	at org.testng.internal.MethodInvocationHelper.invokeMethod(MethodInvocationHelper.java:86)
	at org.testng.internal.Invoker.invokeMethod(Invoker.java:643)
	at org.testng.internal.Invoker.invokeTestMethod(Invoker.java:820)
	at org.testng.internal.Invoker.invokeTestMethods(Invoker.java:1128)
	at org.testng.internal.TestMethodWorker.invokeTestMethods(TestMethodWorker.java:129)
	at org.testng.internal.TestMethodWorker.run(TestMethodWorker.java:112)
	at org.testng.TestRunner.privateRun(TestRunner.java:782)
	at org.testng.TestRunner.run(TestRunner.java:632)
	at org.testng.SuiteRunner.runTest(SuiteRunner.java:366)
	at org.testng.SuiteRunner.runSequentially(SuiteRunner.java:361)
	at org.testng.SuiteRunner.privateRun(SuiteRunner.java:319)
	at org.testng.SuiteRunner.run(SuiteRunner.java:268)
	at org.testng.SuiteRunnerWorker.runSuite(SuiteRunnerWorker.java:52)
	at org.testng.SuiteRunnerWorker.run(SuiteRunnerWorker.java:86)
	at org.testng.TestNG.runSuitesSequentially(TestNG.java:1244)
	at org.testng.TestNG.runSuitesLocally(TestNG.java:1169)
	at org.testng.TestNG.run(TestNG.java:1064)
	at org.testng.remote.RemoteTestNG.run(RemoteTestNG.java:113)
	at org.testng.remote.RemoteTestNG.initAndRun(RemoteTestNG.java:206)
	at org.testng.remote.RemoteTestNG.main(RemoteTestNG.java:177)
]]>
            </full-stacktrace>
          </exception> <!-- org.testng.SkipException -->
          <reporter-output>
          </reporter-output>
        </test-method> <!-- addJobTitles -->
        <test-method status="PASS" signature="destroy()[pri:0, instance:com.hrms.orangehrms.project.testcases.Admin_JobConfigTest@56ac3a89]" name="destroy" is-config="true" duration-ms="0" started-at="2016-09-10T07:48:46Z" finished-at="2016-09-10T07:48:46Z">
          <reporter-output>
          </reporter-output>
        </test-method> <!-- destroy -->
        <test-method status="SKIP" signature="addJobTitles(java.util.Hashtable)[pri:0, instance:com.hrms.orangehrms.project.testcases.Admin_JobConfigTest@56ac3a89]" name="addJobTitles" duration-ms="1" started-at="2016-09-10T07:48:46Z" data-provider="getData" finished-at="2016-09-10T07:48:46Z">
          <params>
            <param index="0">
              <value>
                <![CDATA[{Note=Maintain and add new components to the network, Job Title=, BrowserName=Chrome, Runmode=Y, Duplicate=N, Job Description=Manage and setup the network, Job Specification=}]]>
              </value>
            </param>
          </params>
          <exception class="org.testng.SkipException">
            <message>
              <![CDATA[Skipping as Test Case Runmode is No]]>
            </message>
            <full-stacktrace>
              <![CDATA[org.testng.SkipException: Skipping as Test Case Runmode is No
	at com.hrms.orangehrms.project.testcases.Admin_JobConfigTest.addJobTitles(Admin_JobConfigTest.java:43)
	at sun.reflect.NativeMethodAccessorImpl.invoke0(Native Method)
	at sun.reflect.NativeMethodAccessorImpl.invoke(Unknown Source)
	at sun.reflect.DelegatingMethodAccessorImpl.invoke(Unknown Source)
	at java.lang.reflect.Method.invoke(Unknown Source)
	at org.testng.internal.MethodInvocationHelper.invokeMethod(MethodInvocationHelper.java:86)
	at org.testng.internal.Invoker.invokeMethod(Invoker.java:643)
	at org.testng.internal.Invoker.invokeTestMethod(Invoker.java:820)
	at org.testng.internal.Invoker.invokeTestMethods(Invoker.java:1128)
	at org.testng.internal.TestMethodWorker.invokeTestMethods(TestMethodWorker.java:129)
	at org.testng.internal.TestMethodWorker.run(TestMethodWorker.java:112)
	at org.testng.TestRunner.privateRun(TestRunner.java:782)
	at org.testng.TestRunner.run(TestRunner.java:632)
	at org.testng.SuiteRunner.runTest(SuiteRunner.java:366)
	at org.testng.SuiteRunner.runSequentially(SuiteRunner.java:361)
	at org.testng.SuiteRunner.privateRun(SuiteRunner.java:319)
	at org.testng.SuiteRunner.run(SuiteRunner.java:268)
	at org.testng.SuiteRunnerWorker.runSuite(SuiteRunnerWorker.java:52)
	at org.testng.SuiteRunnerWorker.run(SuiteRunnerWorker.java:86)
	at org.testng.TestNG.runSuitesSequentially(TestNG.java:1244)
	at org.testng.TestNG.runSuitesLocally(TestNG.java:1169)
	at org.testng.TestNG.run(TestNG.java:1064)
	at org.testng.remote.RemoteTestNG.run(RemoteTestNG.java:113)
	at org.testng.remote.RemoteTestNG.initAndRun(RemoteTestNG.java:206)
	at org.testng.remote.RemoteTestNG.main(RemoteTestNG.java:177)
]]>
            </full-stacktrace>
          </exception> <!-- org.testng.SkipException -->
          <reporter-output>
          </reporter-output>
        </test-method> <!-- addJobTitles -->
        <test-method status="PASS" signature="create()[pri:0, instance:com.hrms.orangehrms.project.testcases.Admin_JobConfigTest@56ac3a89]" name="create" is-config="true" duration-ms="0" started-at="2016-09-10T07:48:46Z" finished-at="2016-09-10T07:48:46Z">
          <reporter-output>
          </reporter-output>
        </test-method> <!-- create -->
        <test-method status="PASS" signature="destroy()[pri:0, instance:com.hrms.orangehrms.project.testcases.Admin_JobConfigTest@56ac3a89]" name="destroy" is-config="true" duration-ms="0" started-at="2016-09-10T07:48:46Z" finished-at="2016-09-10T07:48:46Z">
          <reporter-output>
          </reporter-output>
        </test-method> <!-- destroy -->
        <test-method status="SKIP" signature="addJobTitles(java.util.Hashtable)[pri:0, instance:com.hrms.orangehrms.project.testcases.Admin_JobConfigTest@56ac3a89]" name="addJobTitles" duration-ms="3" started-at="2016-09-10T07:48:46Z" data-provider="getData" finished-at="2016-09-10T07:48:46Z">
          <params>
            <param index="0">
              <value>
                <![CDATA[{Note=Maintain and add new components to the network, Job Title=Network Engineer, BrowserName=Chrome, Runmode=Y, Duplicate=Y, Job Description=Manage and setup the network, Job Specification=E:\Selenium\OrangeHRM\OrangeHRMS_DDF_Framework\abc.xml}]]>
              </value>
            </param>
          </params>
          <exception class="org.testng.SkipException">
            <message>
              <![CDATA[Skipping as Test Case Runmode is No]]>
            </message>
            <full-stacktrace>
              <![CDATA[org.testng.SkipException: Skipping as Test Case Runmode is No
	at com.hrms.orangehrms.project.testcases.Admin_JobConfigTest.addJobTitles(Admin_JobConfigTest.java:43)
	at sun.reflect.NativeMethodAccessorImpl.invoke0(Native Method)
	at sun.reflect.NativeMethodAccessorImpl.invoke(Unknown Source)
	at sun.reflect.DelegatingMethodAccessorImpl.invoke(Unknown Source)
	at java.lang.reflect.Method.invoke(Unknown Source)
	at org.testng.internal.MethodInvocationHelper.invokeMethod(MethodInvocationHelper.java:86)
	at org.testng.internal.Invoker.invokeMethod(Invoker.java:643)
	at org.testng.internal.Invoker.invokeTestMethod(Invoker.java:820)
	at org.testng.internal.Invoker.invokeTestMethods(Invoker.java:1128)
	at org.testng.internal.TestMethodWorker.invokeTestMethods(TestMethodWorker.java:129)
	at org.testng.internal.TestMethodWorker.run(TestMethodWorker.java:112)
	at org.testng.TestRunner.privateRun(TestRunner.java:782)
	at org.testng.TestRunner.run(TestRunner.java:632)
	at org.testng.SuiteRunner.runTest(SuiteRunner.java:366)
	at org.testng.SuiteRunner.runSequentially(SuiteRunner.java:361)
	at org.testng.SuiteRunner.privateRun(SuiteRunner.java:319)
	at org.testng.SuiteRunner.run(SuiteRunner.java:268)
	at org.testng.SuiteRunnerWorker.runSuite(SuiteRunnerWorker.java:52)
	at org.testng.SuiteRunnerWorker.run(SuiteRunnerWorker.java:86)
	at org.testng.TestNG.runSuitesSequentially(TestNG.java:1244)
	at org.testng.TestNG.runSuitesLocally(TestNG.java:1169)
	at org.testng.TestNG.run(TestNG.java:1064)
	at org.testng.remote.RemoteTestNG.run(RemoteTestNG.java:113)
	at org.testng.remote.RemoteTestNG.initAndRun(RemoteTestNG.java:206)
	at org.testng.remote.RemoteTestNG.main(RemoteTestNG.java:177)
]]>
            </full-stacktrace>
          </exception> <!-- org.testng.SkipException -->
          <reporter-output>
          </reporter-output>
        </test-method> <!-- addJobTitles -->
        <test-method status="PASS" signature="create()[pri:0, instance:com.hrms.orangehrms.project.testcases.Admin_JobConfigTest@56ac3a89]" name="create" is-config="true" duration-ms="0" started-at="2016-09-10T07:48:46Z" finished-at="2016-09-10T07:48:46Z">
          <reporter-output>
          </reporter-output>
        </test-method> <!-- create -->
        <test-method status="PASS" signature="destroy()[pri:0, instance:com.hrms.orangehrms.project.testcases.Admin_JobConfigTest@56ac3a89]" name="destroy" is-config="true" duration-ms="0" started-at="2016-09-10T07:48:46Z" finished-at="2016-09-10T07:48:46Z">
          <reporter-output>
          </reporter-output>
        </test-method> <!-- destroy -->
        <test-method status="PASS" signature="create()[pri:0, instance:com.hrms.orangehrms.project.testcases.Admin_JobConfigTest@56ac3a89]" name="create" is-config="true" duration-ms="0" started-at="2016-09-10T07:48:46Z" finished-at="2016-09-10T07:48:46Z">
          <reporter-output>
          </reporter-output>
        </test-method> <!-- create -->
        <test-method status="SKIP" signature="addJobTitles(java.util.Hashtable)[pri:0, instance:com.hrms.orangehrms.project.testcases.Admin_JobConfigTest@56ac3a89]" name="addJobTitles" duration-ms="1" started-at="2016-09-10T07:48:46Z" data-provider="getData" finished-at="2016-09-10T07:48:46Z">
          <params>
            <param index="0">
              <value>
                <![CDATA[{Note=Write test cases, Job Title=Sr. Software Tester, BrowserName=Chrome, Runmode=Y, Duplicate=N, Job Description=Find faults and defects in the system, Job Specification=Random}]]>
              </value>
            </param>
          </params>
          <exception class="org.testng.SkipException">
            <message>
              <![CDATA[Skipping as Test Case Runmode is No]]>
            </message>
            <full-stacktrace>
              <![CDATA[org.testng.SkipException: Skipping as Test Case Runmode is No
	at com.hrms.orangehrms.project.testcases.Admin_JobConfigTest.addJobTitles(Admin_JobConfigTest.java:43)
	at sun.reflect.NativeMethodAccessorImpl.invoke0(Native Method)
	at sun.reflect.NativeMethodAccessorImpl.invoke(Unknown Source)
	at sun.reflect.DelegatingMethodAccessorImpl.invoke(Unknown Source)
	at java.lang.reflect.Method.invoke(Unknown Source)
	at org.testng.internal.MethodInvocationHelper.invokeMethod(MethodInvocationHelper.java:86)
	at org.testng.internal.Invoker.invokeMethod(Invoker.java:643)
	at org.testng.internal.Invoker.invokeTestMethod(Invoker.java:820)
	at org.testng.internal.Invoker.invokeTestMethods(Invoker.java:1128)
	at org.testng.internal.TestMethodWorker.invokeTestMethods(TestMethodWorker.java:129)
	at org.testng.internal.TestMethodWorker.run(TestMethodWorker.java:112)
	at org.testng.TestRunner.privateRun(TestRunner.java:782)
	at org.testng.TestRunner.run(TestRunner.java:632)
	at org.testng.SuiteRunner.runTest(SuiteRunner.java:366)
	at org.testng.SuiteRunner.runSequentially(SuiteRunner.java:361)
	at org.testng.SuiteRunner.privateRun(SuiteRunner.java:319)
	at org.testng.SuiteRunner.run(SuiteRunner.java:268)
	at org.testng.SuiteRunnerWorker.runSuite(SuiteRunnerWorker.java:52)
	at org.testng.SuiteRunnerWorker.run(SuiteRunnerWorker.java:86)
	at org.testng.TestNG.runSuitesSequentially(TestNG.java:1244)
	at org.testng.TestNG.runSuitesLocally(TestNG.java:1169)
	at org.testng.TestNG.run(TestNG.java:1064)
	at org.testng.remote.RemoteTestNG.run(RemoteTestNG.java:113)
	at org.testng.remote.RemoteTestNG.initAndRun(RemoteTestNG.java:206)
	at org.testng.remote.RemoteTestNG.main(RemoteTestNG.java:177)
]]>
            </full-stacktrace>
          </exception> <!-- org.testng.SkipException -->
          <reporter-output>
          </reporter-output>
        </test-method> <!-- addJobTitles -->
        <test-method status="PASS" signature="create()[pri:0, instance:com.hrms.orangehrms.project.testcases.Admin_JobConfigTest@56ac3a89]" name="create" is-config="true" duration-ms="0" started-at="2016-09-10T07:48:46Z" finished-at="2016-09-10T07:48:46Z">
          <reporter-output>
          </reporter-output>
        </test-method> <!-- create -->
        <test-method status="PASS" signature="destroy()[pri:0, instance:com.hrms.orangehrms.project.testcases.Admin_JobConfigTest@56ac3a89]" name="destroy" is-config="true" duration-ms="0" started-at="2016-09-10T07:48:46Z" finished-at="2016-09-10T07:48:46Z">
          <reporter-output>
          </reporter-output>
        </test-method> <!-- destroy -->
        <test-method status="SKIP" signature="addJobTitles(java.util.Hashtable)[pri:0, instance:com.hrms.orangehrms.project.testcases.Admin_JobConfigTest@56ac3a89]" name="addJobTitles" duration-ms="2" started-at="2016-09-10T07:48:46Z" data-provider="getData" finished-at="2016-09-10T07:48:46Z">
          <params>
            <param index="0">
              <value>
                <![CDATA[{Note=Write and maintain the quality assurance process, Job Title=QA Engineer, BrowserName=Chrome, Runmode=Y, Duplicate=N, Job Description=Find faults and defects in the software quality process, Job Specification=Random}]]>
              </value>
            </param>
          </params>
          <exception class="org.testng.SkipException">
            <message>
              <![CDATA[Skipping as Test Case Runmode is No]]>
            </message>
            <full-stacktrace>
              <![CDATA[org.testng.SkipException: Skipping as Test Case Runmode is No
	at com.hrms.orangehrms.project.testcases.Admin_JobConfigTest.addJobTitles(Admin_JobConfigTest.java:43)
	at sun.reflect.NativeMethodAccessorImpl.invoke0(Native Method)
	at sun.reflect.NativeMethodAccessorImpl.invoke(Unknown Source)
	at sun.reflect.DelegatingMethodAccessorImpl.invoke(Unknown Source)
	at java.lang.reflect.Method.invoke(Unknown Source)
	at org.testng.internal.MethodInvocationHelper.invokeMethod(MethodInvocationHelper.java:86)
	at org.testng.internal.Invoker.invokeMethod(Invoker.java:643)
	at org.testng.internal.Invoker.invokeTestMethod(Invoker.java:820)
	at org.testng.internal.Invoker.invokeTestMethods(Invoker.java:1128)
	at org.testng.internal.TestMethodWorker.invokeTestMethods(TestMethodWorker.java:129)
	at org.testng.internal.TestMethodWorker.run(TestMethodWorker.java:112)
	at org.testng.TestRunner.privateRun(TestRunner.java:782)
	at org.testng.TestRunner.run(TestRunner.java:632)
	at org.testng.SuiteRunner.runTest(SuiteRunner.java:366)
	at org.testng.SuiteRunner.runSequentially(SuiteRunner.java:361)
	at org.testng.SuiteRunner.privateRun(SuiteRunner.java:319)
	at org.testng.SuiteRunner.run(SuiteRunner.java:268)
	at org.testng.SuiteRunnerWorker.runSuite(SuiteRunnerWorker.java:52)
	at org.testng.SuiteRunnerWorker.run(SuiteRunnerWorker.java:86)
	at org.testng.TestNG.runSuitesSequentially(TestNG.java:1244)
	at org.testng.TestNG.runSuitesLocally(TestNG.java:1169)
	at org.testng.TestNG.run(TestNG.java:1064)
	at org.testng.remote.RemoteTestNG.run(RemoteTestNG.java:113)
	at org.testng.remote.RemoteTestNG.initAndRun(RemoteTestNG.java:206)
	at org.testng.remote.RemoteTestNG.main(RemoteTestNG.java:177)
]]>
            </full-stacktrace>
          </exception> <!-- org.testng.SkipException -->
          <reporter-output>
          </reporter-output>
        </test-method> <!-- addJobTitles -->
        <test-method status="PASS" signature="destroy()[pri:0, instance:com.hrms.orangehrms.project.testcases.Admin_JobConfigTest@56ac3a89]" name="destroy" is-config="true" duration-ms="0" started-at="2016-09-10T07:48:46Z" finished-at="2016-09-10T07:48:46Z">
          <reporter-output>
          </reporter-output>
        </test-method> <!-- destroy -->
        <test-method status="PASS" signature="create()[pri:0, instance:com.hrms.orangehrms.project.testcases.Admin_JobConfigTest@56ac3a89]" name="create" is-config="true" duration-ms="0" started-at="2016-09-10T07:48:46Z" finished-at="2016-09-10T07:48:46Z">
          <reporter-output>
          </reporter-output>
        </test-method> <!-- create -->
        <test-method status="PASS" signature="addPayGradesTest(java.util.Hashtable)[pri:0, instance:com.hrms.orangehrms.project.testcases.Admin_JobConfigTest@56ac3a89]" name="addPayGradesTest" duration-ms="63840" started-at="2016-09-10T07:48:46Z" data-provider="getPayGrades" finished-at="2016-09-10T07:49:50Z">
          <params>
            <param index="0">
              <value>
                <![CDATA[{Currency=INR, BrowserName=Chrome, Runmode=Y, Maximum Salary=100000, Minimum Salary=ten thousand, Grade Name=Class 3}]]>
              </value>
            </param>
          </params>
          <reporter-output>
          </reporter-output>
        </test-method> <!-- addPayGradesTest -->
        <test-method status="PASS" signature="destroy()[pri:0, instance:com.hrms.orangehrms.project.testcases.Admin_JobConfigTest@56ac3a89]" name="destroy" is-config="true" duration-ms="1" started-at="2016-09-10T07:49:50Z" finished-at="2016-09-10T07:49:50Z">
          <reporter-output>
          </reporter-output>
        </test-method> <!-- destroy -->
        <test-method status="SKIP" signature="deleteJobTitleTest(java.util.Hashtable)[pri:0, instance:com.hrms.orangehrms.project.testcases.Admin_JobConfigTest@56ac3a89]" name="deleteJobTitleTest" duration-ms="2" started-at="2016-09-10T07:49:50Z" data-provider="getDeleteData" finished-at="2016-09-10T07:49:50Z">
          <params>
            <param index="0">
              <value>
                <![CDATA[{Job Title=Software Tester, BrowserName=Chrome, Runmode=Y, Expected Result=Pass}]]>
              </value>
            </param>
          </params>
          <exception class="org.testng.SkipException">
            <message>
              <![CDATA[Skipping as Test Case Runmode is No]]>
            </message>
            <full-stacktrace>
              <![CDATA[org.testng.SkipException: Skipping as Test Case Runmode is No
	at com.hrms.orangehrms.project.testcases.Admin_JobConfigTest.deleteJobTitleTest(Admin_JobConfigTest.java:158)
	at sun.reflect.NativeMethodAccessorImpl.invoke0(Native Method)
	at sun.reflect.NativeMethodAccessorImpl.invoke(Unknown Source)
	at sun.reflect.DelegatingMethodAccessorImpl.invoke(Unknown Source)
	at java.lang.reflect.Method.invoke(Unknown Source)
	at org.testng.internal.MethodInvocationHelper.invokeMethod(MethodInvocationHelper.java:86)
	at org.testng.internal.Invoker.invokeMethod(Invoker.java:643)
	at org.testng.internal.Invoker.invokeTestMethod(Invoker.java:820)
	at org.testng.internal.Invoker.invokeTestMethods(Invoker.java:1128)
	at org.testng.internal.TestMethodWorker.invokeTestMethods(TestMethodWorker.java:129)
	at org.testng.internal.TestMethodWorker.run(TestMethodWorker.java:112)
	at org.testng.TestRunner.privateRun(TestRunner.java:782)
	at org.testng.TestRunner.run(TestRunner.java:632)
	at org.testng.SuiteRunner.runTest(SuiteRunner.java:366)
	at org.testng.SuiteRunner.runSequentially(SuiteRunner.java:361)
	at org.testng.SuiteRunner.privateRun(SuiteRunner.java:319)
	at org.testng.SuiteRunner.run(SuiteRunner.java:268)
	at org.testng.SuiteRunnerWorker.runSuite(SuiteRunnerWorker.java:52)
	at org.testng.SuiteRunnerWorker.run(SuiteRunnerWorker.java:86)
	at org.testng.TestNG.runSuitesSequentially(TestNG.java:1244)
	at org.testng.TestNG.runSuitesLocally(TestNG.java:1169)
	at org.testng.TestNG.run(TestNG.java:1064)
	at org.testng.remote.RemoteTestNG.run(RemoteTestNG.java:113)
	at org.testng.remote.RemoteTestNG.initAndRun(RemoteTestNG.java:206)
	at org.testng.remote.RemoteTestNG.main(RemoteTestNG.java:177)
]]>
            </full-stacktrace>
          </exception> <!-- org.testng.SkipException -->
          <reporter-output>
          </reporter-output>
        </test-method> <!-- deleteJobTitleTest -->
        <test-method status="PASS" signature="create()[pri:0, instance:com.hrms.orangehrms.project.testcases.Admin_JobConfigTest@56ac3a89]" name="create" is-config="true" duration-ms="0" started-at="2016-09-10T07:49:50Z" finished-at="2016-09-10T07:49:50Z">
          <reporter-output>
          </reporter-output>
        </test-method> <!-- create -->
        <test-method status="SKIP" signature="deleteJobTitleTest(java.util.Hashtable)[pri:0, instance:com.hrms.orangehrms.project.testcases.Admin_JobConfigTest@56ac3a89]" name="deleteJobTitleTest" duration-ms="1" started-at="2016-09-10T07:49:50Z" data-provider="getDeleteData" finished-at="2016-09-10T07:49:50Z">
          <params>
            <param index="0">
              <value>
                <![CDATA[{Job Title=Network Engineer, BrowserName=Chrome, Runmode=Y, Expected Result=Pass}]]>
              </value>
            </param>
          </params>
          <exception class="org.testng.SkipException">
            <message>
              <![CDATA[Skipping as Test Case Runmode is No]]>
            </message>
            <full-stacktrace>
              <![CDATA[org.testng.SkipException: Skipping as Test Case Runmode is No
	at com.hrms.orangehrms.project.testcases.Admin_JobConfigTest.deleteJobTitleTest(Admin_JobConfigTest.java:158)
	at sun.reflect.NativeMethodAccessorImpl.invoke0(Native Method)
	at sun.reflect.NativeMethodAccessorImpl.invoke(Unknown Source)
	at sun.reflect.DelegatingMethodAccessorImpl.invoke(Unknown Source)
	at java.lang.reflect.Method.invoke(Unknown Source)
	at org.testng.internal.MethodInvocationHelper.invokeMethod(MethodInvocationHelper.java:86)
	at org.testng.internal.Invoker.invokeMethod(Invoker.java:643)
	at org.testng.internal.Invoker.invokeTestMethod(Invoker.java:820)
	at org.testng.internal.Invoker.invokeTestMethods(Invoker.java:1128)
	at org.testng.internal.TestMethodWorker.invokeTestMethods(TestMethodWorker.java:129)
	at org.testng.internal.TestMethodWorker.run(TestMethodWorker.java:112)
	at org.testng.TestRunner.privateRun(TestRunner.java:782)
	at org.testng.TestRunner.run(TestRunner.java:632)
	at org.testng.SuiteRunner.runTest(SuiteRunner.java:366)
	at org.testng.SuiteRunner.runSequentially(SuiteRunner.java:361)
	at org.testng.SuiteRunner.privateRun(SuiteRunner.java:319)
	at org.testng.SuiteRunner.run(SuiteRunner.java:268)
	at org.testng.SuiteRunnerWorker.runSuite(SuiteRunnerWorker.java:52)
	at org.testng.SuiteRunnerWorker.run(SuiteRunnerWorker.java:86)
	at org.testng.TestNG.runSuitesSequentially(TestNG.java:1244)
	at org.testng.TestNG.runSuitesLocally(TestNG.java:1169)
	at org.testng.TestNG.run(TestNG.java:1064)
	at org.testng.remote.RemoteTestNG.run(RemoteTestNG.java:113)
	at org.testng.remote.RemoteTestNG.initAndRun(RemoteTestNG.java:206)
	at org.testng.remote.RemoteTestNG.main(RemoteTestNG.java:177)
]]>
            </full-stacktrace>
          </exception> <!-- org.testng.SkipException -->
          <reporter-output>
          </reporter-output>
        </test-method> <!-- deleteJobTitleTest -->
        <test-method status="PASS" signature="create()[pri:0, instance:com.hrms.orangehrms.project.testcases.Admin_JobConfigTest@56ac3a89]" name="create" is-config="true" duration-ms="0" started-at="2016-09-10T07:49:50Z" finished-at="2016-09-10T07:49:50Z">
          <reporter-output>
          </reporter-output>
        </test-method> <!-- create -->
        <test-method status="PASS" signature="destroy()[pri:0, instance:com.hrms.orangehrms.project.testcases.Admin_JobConfigTest@56ac3a89]" name="destroy" is-config="true" duration-ms="0" started-at="2016-09-10T07:49:50Z" finished-at="2016-09-10T07:49:50Z">
          <reporter-output>
          </reporter-output>
        </test-method> <!-- destroy -->
        <test-method status="PASS" signature="destroy()[pri:0, instance:com.hrms.orangehrms.project.testcases.Admin_JobConfigTest@56ac3a89]" name="destroy" is-config="true" duration-ms="1" started-at="2016-09-10T07:49:50Z" finished-at="2016-09-10T07:49:50Z">
          <reporter-output>
          </reporter-output>
        </test-method> <!-- destroy -->
        <test-method status="PASS" signature="create()[pri:0, instance:com.hrms.orangehrms.project.testcases.Admin_JobConfigTest@56ac3a89]" name="create" is-config="true" duration-ms="0" started-at="2016-09-10T07:49:50Z" finished-at="2016-09-10T07:49:50Z">
          <reporter-output>
          </reporter-output>
        </test-method> <!-- create -->
        <test-method status="SKIP" signature="deleteJobTitleTest(java.util.Hashtable)[pri:0, instance:com.hrms.orangehrms.project.testcases.Admin_JobConfigTest@56ac3a89]" name="deleteJobTitleTest" duration-ms="1" started-at="2016-09-10T07:49:50Z" data-provider="getDeleteData" finished-at="2016-09-10T07:49:50Z">
          <params>
            <param index="0">
              <value>
                <![CDATA[{Job Title=Project Manager, BrowserName=Chrome, Runmode=Y, Expected Result=Fail}]]>
              </value>
            </param>
          </params>
          <exception class="org.testng.SkipException">
            <message>
              <![CDATA[Skipping as Test Case Runmode is No]]>
            </message>
            <full-stacktrace>
              <![CDATA[org.testng.SkipException: Skipping as Test Case Runmode is No
	at com.hrms.orangehrms.project.testcases.Admin_JobConfigTest.deleteJobTitleTest(Admin_JobConfigTest.java:158)
	at sun.reflect.NativeMethodAccessorImpl.invoke0(Native Method)
	at sun.reflect.NativeMethodAccessorImpl.invoke(Unknown Source)
	at sun.reflect.DelegatingMethodAccessorImpl.invoke(Unknown Source)
	at java.lang.reflect.Method.invoke(Unknown Source)
	at org.testng.internal.MethodInvocationHelper.invokeMethod(MethodInvocationHelper.java:86)
	at org.testng.internal.Invoker.invokeMethod(Invoker.java:643)
	at org.testng.internal.Invoker.invokeTestMethod(Invoker.java:820)
	at org.testng.internal.Invoker.invokeTestMethods(Invoker.java:1128)
	at org.testng.internal.TestMethodWorker.invokeTestMethods(TestMethodWorker.java:129)
	at org.testng.internal.TestMethodWorker.run(TestMethodWorker.java:112)
	at org.testng.TestRunner.privateRun(TestRunner.java:782)
	at org.testng.TestRunner.run(TestRunner.java:632)
	at org.testng.SuiteRunner.runTest(SuiteRunner.java:366)
	at org.testng.SuiteRunner.runSequentially(SuiteRunner.java:361)
	at org.testng.SuiteRunner.privateRun(SuiteRunner.java:319)
	at org.testng.SuiteRunner.run(SuiteRunner.java:268)
	at org.testng.SuiteRunnerWorker.runSuite(SuiteRunnerWorker.java:52)
	at org.testng.SuiteRunnerWorker.run(SuiteRunnerWorker.java:86)
	at org.testng.TestNG.runSuitesSequentially(TestNG.java:1244)
	at org.testng.TestNG.runSuitesLocally(TestNG.java:1169)
	at org.testng.TestNG.run(TestNG.java:1064)
	at org.testng.remote.RemoteTestNG.run(RemoteTestNG.java:113)
	at org.testng.remote.RemoteTestNG.initAndRun(RemoteTestNG.java:206)
	at org.testng.remote.RemoteTestNG.main(RemoteTestNG.java:177)
]]>
            </full-stacktrace>
          </exception> <!-- org.testng.SkipException -->
          <reporter-output>
          </reporter-output>
        </test-method> <!-- deleteJobTitleTest -->
        <test-method status="PASS" signature="destroy()[pri:0, instance:com.hrms.orangehrms.project.testcases.Admin_JobConfigTest@56ac3a89]" name="destroy" is-config="true" duration-ms="0" started-at="2016-09-10T07:49:50Z" finished-at="2016-09-10T07:49:50Z">
          <reporter-output>
          </reporter-output>
        </test-method> <!-- destroy -->
        <test-method status="SKIP" signature="editJobTitleTest(java.util.Hashtable)[pri:0, instance:com.hrms.orangehrms.project.testcases.Admin_JobConfigTest@56ac3a89]" name="editJobTitleTest" duration-ms="2" started-at="2016-09-10T07:49:50Z" data-provider="getEditData" finished-at="2016-09-10T07:49:50Z">
          <params>
            <param index="0">
              <value>
                <![CDATA[{New Job Title=Test Architect, BrowserName=Chrome, Runmode=Y, Attachment=, Old Job Title=Software Engineer, Duplicate=Y, Job Specification=}]]>
              </value>
            </param>
          </params>
          <exception class="org.testng.SkipException">
            <message>
              <![CDATA[Skipping as Test Case Runmode is No]]>
            </message>
            <full-stacktrace>
              <![CDATA[org.testng.SkipException: Skipping as Test Case Runmode is No
	at com.hrms.orangehrms.project.testcases.Admin_JobConfigTest.editJobTitleTest(Admin_JobConfigTest.java:226)
	at sun.reflect.NativeMethodAccessorImpl.invoke0(Native Method)
	at sun.reflect.NativeMethodAccessorImpl.invoke(Unknown Source)
	at sun.reflect.DelegatingMethodAccessorImpl.invoke(Unknown Source)
	at java.lang.reflect.Method.invoke(Unknown Source)
	at org.testng.internal.MethodInvocationHelper.invokeMethod(MethodInvocationHelper.java:86)
	at org.testng.internal.Invoker.invokeMethod(Invoker.java:643)
	at org.testng.internal.Invoker.invokeTestMethod(Invoker.java:820)
	at org.testng.internal.Invoker.invokeTestMethods(Invoker.java:1128)
	at org.testng.internal.TestMethodWorker.invokeTestMethods(TestMethodWorker.java:129)
	at org.testng.internal.TestMethodWorker.run(TestMethodWorker.java:112)
	at org.testng.TestRunner.privateRun(TestRunner.java:782)
	at org.testng.TestRunner.run(TestRunner.java:632)
	at org.testng.SuiteRunner.runTest(SuiteRunner.java:366)
	at org.testng.SuiteRunner.runSequentially(SuiteRunner.java:361)
	at org.testng.SuiteRunner.privateRun(SuiteRunner.java:319)
	at org.testng.SuiteRunner.run(SuiteRunner.java:268)
	at org.testng.SuiteRunnerWorker.runSuite(SuiteRunnerWorker.java:52)
	at org.testng.SuiteRunnerWorker.run(SuiteRunnerWorker.java:86)
	at org.testng.TestNG.runSuitesSequentially(TestNG.java:1244)
	at org.testng.TestNG.runSuitesLocally(TestNG.java:1169)
	at org.testng.TestNG.run(TestNG.java:1064)
	at org.testng.remote.RemoteTestNG.run(RemoteTestNG.java:113)
	at org.testng.remote.RemoteTestNG.initAndRun(RemoteTestNG.java:206)
	at org.testng.remote.RemoteTestNG.main(RemoteTestNG.java:177)
]]>
            </full-stacktrace>
          </exception> <!-- org.testng.SkipException -->
          <reporter-output>
          </reporter-output>
        </test-method> <!-- editJobTitleTest -->
        <test-method status="PASS" signature="create()[pri:0, instance:com.hrms.orangehrms.project.testcases.Admin_JobConfigTest@56ac3a89]" name="create" is-config="true" duration-ms="0" started-at="2016-09-10T07:49:50Z" finished-at="2016-09-10T07:49:50Z">
          <reporter-output>
          </reporter-output>
        </test-method> <!-- create -->
        <test-method status="PASS" signature="destroy()[pri:0, instance:com.hrms.orangehrms.project.testcases.Admin_JobConfigTest@56ac3a89]" name="destroy" is-config="true" duration-ms="0" started-at="2016-09-10T07:49:50Z" finished-at="2016-09-10T07:49:50Z">
          <reporter-output>
          </reporter-output>
        </test-method> <!-- destroy -->
        <test-method status="PASS" signature="create()[pri:0, instance:com.hrms.orangehrms.project.testcases.Admin_JobConfigTest@56ac3a89]" name="create" is-config="true" duration-ms="0" started-at="2016-09-10T07:49:50Z" finished-at="2016-09-10T07:49:50Z">
          <reporter-output>
          </reporter-output>
        </test-method> <!-- create -->
        <test-method status="SKIP" signature="editJobTitleTest(java.util.Hashtable)[pri:0, instance:com.hrms.orangehrms.project.testcases.Admin_JobConfigTest@56ac3a89]" name="editJobTitleTest" duration-ms="1" started-at="2016-09-10T07:49:50Z" data-provider="getEditData" finished-at="2016-09-10T07:49:50Z">
          <params>
            <param index="0">
              <value>
                <![CDATA[{New Job Title=Business Analyst, BrowserName=Chrome, Runmode=Y, Attachment=Random, Old Job Title=ICT Business Analyst, Duplicate=N, Job Specification=}]]>
              </value>
            </param>
          </params>
          <exception class="org.testng.SkipException">
            <message>
              <![CDATA[Skipping as Test Case Runmode is No]]>
            </message>
            <full-stacktrace>
              <![CDATA[org.testng.SkipException: Skipping as Test Case Runmode is No
	at com.hrms.orangehrms.project.testcases.Admin_JobConfigTest.editJobTitleTest(Admin_JobConfigTest.java:226)
	at sun.reflect.NativeMethodAccessorImpl.invoke0(Native Method)
	at sun.reflect.NativeMethodAccessorImpl.invoke(Unknown Source)
	at sun.reflect.DelegatingMethodAccessorImpl.invoke(Unknown Source)
	at java.lang.reflect.Method.invoke(Unknown Source)
	at org.testng.internal.MethodInvocationHelper.invokeMethod(MethodInvocationHelper.java:86)
	at org.testng.internal.Invoker.invokeMethod(Invoker.java:643)
	at org.testng.internal.Invoker.invokeTestMethod(Invoker.java:820)
	at org.testng.internal.Invoker.invokeTestMethods(Invoker.java:1128)
	at org.testng.internal.TestMethodWorker.invokeTestMethods(TestMethodWorker.java:129)
	at org.testng.internal.TestMethodWorker.run(TestMethodWorker.java:112)
	at org.testng.TestRunner.privateRun(TestRunner.java:782)
	at org.testng.TestRunner.run(TestRunner.java:632)
	at org.testng.SuiteRunner.runTest(SuiteRunner.java:366)
	at org.testng.SuiteRunner.runSequentially(SuiteRunner.java:361)
	at org.testng.SuiteRunner.privateRun(SuiteRunner.java:319)
	at org.testng.SuiteRunner.run(SuiteRunner.java:268)
	at org.testng.SuiteRunnerWorker.runSuite(SuiteRunnerWorker.java:52)
	at org.testng.SuiteRunnerWorker.run(SuiteRunnerWorker.java:86)
	at org.testng.TestNG.runSuitesSequentially(TestNG.java:1244)
	at org.testng.TestNG.runSuitesLocally(TestNG.java:1169)
	at org.testng.TestNG.run(TestNG.java:1064)
	at org.testng.remote.RemoteTestNG.run(RemoteTestNG.java:113)
	at org.testng.remote.RemoteTestNG.initAndRun(RemoteTestNG.java:206)
	at org.testng.remote.RemoteTestNG.main(RemoteTestNG.java:177)
]]>
            </full-stacktrace>
          </exception> <!-- org.testng.SkipException -->
          <reporter-output>
          </reporter-output>
        </test-method> <!-- editJobTitleTest -->
        <test-method status="PASS" signature="destroy()[pri:0, instance:com.hrms.orangehrms.project.testcases.Admin_JobConfigTest@56ac3a89]" name="destroy" is-config="true" duration-ms="0" started-at="2016-09-10T07:49:50Z" finished-at="2016-09-10T07:49:50Z">
          <reporter-output>
          </reporter-output>
        </test-method> <!-- destroy -->
        <test-method status="PASS" signature="create()[pri:0, instance:com.hrms.orangehrms.project.testcases.Admin_JobConfigTest@56ac3a89]" name="create" is-config="true" duration-ms="0" started-at="2016-09-10T07:49:50Z" finished-at="2016-09-10T07:49:50Z">
          <reporter-output>
          </reporter-output>
        </test-method> <!-- create -->
        <test-method status="SKIP" signature="editJobTitleTest(java.util.Hashtable)[pri:0, instance:com.hrms.orangehrms.project.testcases.Admin_JobConfigTest@56ac3a89]" name="editJobTitleTest" duration-ms="0" started-at="2016-09-10T07:49:50Z" data-provider="getEditData" finished-at="2016-09-10T07:49:50Z">
          <params>
            <param index="0">
              <value>
                <![CDATA[{New Job Title=Network Security Engineer, BrowserName=Chrome, Runmode=Y, Attachment=, Old Job Title=Network Engineer, Duplicate=N, Job Specification=}]]>
              </value>
            </param>
          </params>
          <exception class="org.testng.SkipException">
            <message>
              <![CDATA[Skipping as Test Case Runmode is No]]>
            </message>
            <full-stacktrace>
              <![CDATA[org.testng.SkipException: Skipping as Test Case Runmode is No
	at com.hrms.orangehrms.project.testcases.Admin_JobConfigTest.editJobTitleTest(Admin_JobConfigTest.java:226)
	at sun.reflect.NativeMethodAccessorImpl.invoke0(Native Method)
	at sun.reflect.NativeMethodAccessorImpl.invoke(Unknown Source)
	at sun.reflect.DelegatingMethodAccessorImpl.invoke(Unknown Source)
	at java.lang.reflect.Method.invoke(Unknown Source)
	at org.testng.internal.MethodInvocationHelper.invokeMethod(MethodInvocationHelper.java:86)
	at org.testng.internal.Invoker.invokeMethod(Invoker.java:643)
	at org.testng.internal.Invoker.invokeTestMethod(Invoker.java:820)
	at org.testng.internal.Invoker.invokeTestMethods(Invoker.java:1128)
	at org.testng.internal.TestMethodWorker.invokeTestMethods(TestMethodWorker.java:129)
	at org.testng.internal.TestMethodWorker.run(TestMethodWorker.java:112)
	at org.testng.TestRunner.privateRun(TestRunner.java:782)
	at org.testng.TestRunner.run(TestRunner.java:632)
	at org.testng.SuiteRunner.runTest(SuiteRunner.java:366)
	at org.testng.SuiteRunner.runSequentially(SuiteRunner.java:361)
	at org.testng.SuiteRunner.privateRun(SuiteRunner.java:319)
	at org.testng.SuiteRunner.run(SuiteRunner.java:268)
	at org.testng.SuiteRunnerWorker.runSuite(SuiteRunnerWorker.java:52)
	at org.testng.SuiteRunnerWorker.run(SuiteRunnerWorker.java:86)
	at org.testng.TestNG.runSuitesSequentially(TestNG.java:1244)
	at org.testng.TestNG.runSuitesLocally(TestNG.java:1169)
	at org.testng.TestNG.run(TestNG.java:1064)
	at org.testng.remote.RemoteTestNG.run(RemoteTestNG.java:113)
	at org.testng.remote.RemoteTestNG.initAndRun(RemoteTestNG.java:206)
	at org.testng.remote.RemoteTestNG.main(RemoteTestNG.java:177)
]]>
            </full-stacktrace>
          </exception> <!-- org.testng.SkipException -->
          <reporter-output>
          </reporter-output>
        </test-method> <!-- editJobTitleTest -->
        <test-method status="PASS" signature="create()[pri:0, instance:com.hrms.orangehrms.project.testcases.Admin_JobConfigTest@56ac3a89]" name="create" is-config="true" duration-ms="1" started-at="2016-09-10T07:49:50Z" finished-at="2016-09-10T07:49:50Z">
          <reporter-output>
          </reporter-output>
        </test-method> <!-- create -->
        <test-method status="PASS" signature="destroy()[pri:0, instance:com.hrms.orangehrms.project.testcases.Admin_JobConfigTest@56ac3a89]" name="destroy" is-config="true" duration-ms="0" started-at="2016-09-10T07:49:50Z" finished-at="2016-09-10T07:49:50Z">
          <reporter-output>
          </reporter-output>
        </test-method> <!-- destroy -->
        <test-method status="SKIP" signature="editJobTitleTest(java.util.Hashtable)[pri:0, instance:com.hrms.orangehrms.project.testcases.Admin_JobConfigTest@56ac3a89]" name="editJobTitleTest" duration-ms="0" started-at="2016-09-10T07:49:50Z" data-provider="getEditData" finished-at="2016-09-10T07:49:50Z">
          <params>
            <param index="0">
              <value>
                <![CDATA[{New Job Title=Test Architect, BrowserName=Chrome, Runmode=Y, Attachment=Random, Old Job Title=Test Architect, Duplicate=N, Job Specification=Replace Current}]]>
              </value>
            </param>
          </params>
          <exception class="org.testng.SkipException">
            <message>
              <![CDATA[Skipping as Test Case Runmode is No]]>
            </message>
            <full-stacktrace>
              <![CDATA[org.testng.SkipException: Skipping as Test Case Runmode is No
	at com.hrms.orangehrms.project.testcases.Admin_JobConfigTest.editJobTitleTest(Admin_JobConfigTest.java:226)
	at sun.reflect.NativeMethodAccessorImpl.invoke0(Native Method)
	at sun.reflect.NativeMethodAccessorImpl.invoke(Unknown Source)
	at sun.reflect.DelegatingMethodAccessorImpl.invoke(Unknown Source)
	at java.lang.reflect.Method.invoke(Unknown Source)
	at org.testng.internal.MethodInvocationHelper.invokeMethod(MethodInvocationHelper.java:86)
	at org.testng.internal.Invoker.invokeMethod(Invoker.java:643)
	at org.testng.internal.Invoker.invokeTestMethod(Invoker.java:820)
	at org.testng.internal.Invoker.invokeTestMethods(Invoker.java:1128)
	at org.testng.internal.TestMethodWorker.invokeTestMethods(TestMethodWorker.java:129)
	at org.testng.internal.TestMethodWorker.run(TestMethodWorker.java:112)
	at org.testng.TestRunner.privateRun(TestRunner.java:782)
	at org.testng.TestRunner.run(TestRunner.java:632)
	at org.testng.SuiteRunner.runTest(SuiteRunner.java:366)
	at org.testng.SuiteRunner.runSequentially(SuiteRunner.java:361)
	at org.testng.SuiteRunner.privateRun(SuiteRunner.java:319)
	at org.testng.SuiteRunner.run(SuiteRunner.java:268)
	at org.testng.SuiteRunnerWorker.runSuite(SuiteRunnerWorker.java:52)
	at org.testng.SuiteRunnerWorker.run(SuiteRunnerWorker.java:86)
	at org.testng.TestNG.runSuitesSequentially(TestNG.java:1244)
	at org.testng.TestNG.runSuitesLocally(TestNG.java:1169)
	at org.testng.TestNG.run(TestNG.java:1064)
	at org.testng.remote.RemoteTestNG.run(RemoteTestNG.java:113)
	at org.testng.remote.RemoteTestNG.initAndRun(RemoteTestNG.java:206)
	at org.testng.remote.RemoteTestNG.main(RemoteTestNG.java:177)
]]>
            </full-stacktrace>
          </exception> <!-- org.testng.SkipException -->
          <reporter-output>
          </reporter-output>
        </test-method> <!-- editJobTitleTest -->
        <test-method status="PASS" signature="create()[pri:0, instance:com.hrms.orangehrms.project.testcases.Admin_JobConfigTest@56ac3a89]" name="create" is-config="true" duration-ms="0" started-at="2016-09-10T07:49:50Z" finished-at="2016-09-10T07:49:50Z">
          <reporter-output>
          </reporter-output>
        </test-method> <!-- create -->
        <test-method status="SKIP" signature="editJobTitleTest(java.util.Hashtable)[pri:0, instance:com.hrms.orangehrms.project.testcases.Admin_JobConfigTest@56ac3a89]" name="editJobTitleTest" duration-ms="1" started-at="2016-09-10T07:49:50Z" data-provider="getEditData" finished-at="2016-09-10T07:49:50Z">
          <params>
            <param index="0">
              <value>
                <![CDATA[{New Job Title=Software Engineer, BrowserName=Chrome, Runmode=Y, Attachment=, Old Job Title=Software Engineer, Duplicate=N, Job Specification=Keep Current}]]>
              </value>
            </param>
          </params>
          <exception class="org.testng.SkipException">
            <message>
              <![CDATA[Skipping as Test Case Runmode is No]]>
            </message>
            <full-stacktrace>
              <![CDATA[org.testng.SkipException: Skipping as Test Case Runmode is No
	at com.hrms.orangehrms.project.testcases.Admin_JobConfigTest.editJobTitleTest(Admin_JobConfigTest.java:226)
	at sun.reflect.NativeMethodAccessorImpl.invoke0(Native Method)
	at sun.reflect.NativeMethodAccessorImpl.invoke(Unknown Source)
	at sun.reflect.DelegatingMethodAccessorImpl.invoke(Unknown Source)
	at java.lang.reflect.Method.invoke(Unknown Source)
	at org.testng.internal.MethodInvocationHelper.invokeMethod(MethodInvocationHelper.java:86)
	at org.testng.internal.Invoker.invokeMethod(Invoker.java:643)
	at org.testng.internal.Invoker.invokeTestMethod(Invoker.java:820)
	at org.testng.internal.Invoker.invokeTestMethods(Invoker.java:1128)
	at org.testng.internal.TestMethodWorker.invokeTestMethods(TestMethodWorker.java:129)
	at org.testng.internal.TestMethodWorker.run(TestMethodWorker.java:112)
	at org.testng.TestRunner.privateRun(TestRunner.java:782)
	at org.testng.TestRunner.run(TestRunner.java:632)
	at org.testng.SuiteRunner.runTest(SuiteRunner.java:366)
	at org.testng.SuiteRunner.runSequentially(SuiteRunner.java:361)
	at org.testng.SuiteRunner.privateRun(SuiteRunner.java:319)
	at org.testng.SuiteRunner.run(SuiteRunner.java:268)
	at org.testng.SuiteRunnerWorker.runSuite(SuiteRunnerWorker.java:52)
	at org.testng.SuiteRunnerWorker.run(SuiteRunnerWorker.java:86)
	at org.testng.TestNG.runSuitesSequentially(TestNG.java:1244)
	at org.testng.TestNG.runSuitesLocally(TestNG.java:1169)
	at org.testng.TestNG.run(TestNG.java:1064)
	at org.testng.remote.RemoteTestNG.run(RemoteTestNG.java:113)
	at org.testng.remote.RemoteTestNG.initAndRun(RemoteTestNG.java:206)
	at org.testng.remote.RemoteTestNG.main(RemoteTestNG.java:177)
]]>
            </full-stacktrace>
          </exception> <!-- org.testng.SkipException -->
          <reporter-output>
          </reporter-output>
        </test-method> <!-- editJobTitleTest -->
        <test-method status="PASS" signature="destroy()[pri:0, instance:com.hrms.orangehrms.project.testcases.Admin_JobConfigTest@56ac3a89]" name="destroy" is-config="true" duration-ms="0" started-at="2016-09-10T07:49:50Z" finished-at="2016-09-10T07:49:50Z">
          <reporter-output>
          </reporter-output>
        </test-method> <!-- destroy -->
        <test-method status="PASS" signature="destroy()[pri:0, instance:com.hrms.orangehrms.project.testcases.Admin_JobConfigTest@56ac3a89]" name="destroy" is-config="true" duration-ms="1" started-at="2016-09-10T07:49:50Z" finished-at="2016-09-10T07:49:50Z">
          <reporter-output>
          </reporter-output>
        </test-method> <!-- destroy -->
        <test-method status="PASS" signature="create()[pri:0, instance:com.hrms.orangehrms.project.testcases.Admin_JobConfigTest@56ac3a89]" name="create" is-config="true" duration-ms="0" started-at="2016-09-10T07:49:50Z" finished-at="2016-09-10T07:49:50Z">
          <reporter-output>
          </reporter-output>
        </test-method> <!-- create -->
        <test-method status="SKIP" signature="editJobTitleTest(java.util.Hashtable)[pri:0, instance:com.hrms.orangehrms.project.testcases.Admin_JobConfigTest@56ac3a89]" name="editJobTitleTest" duration-ms="5" started-at="2016-09-10T07:49:50Z" data-provider="getEditData" finished-at="2016-09-10T07:49:50Z">
          <params>
            <param index="0">
              <value>
                <![CDATA[{New Job Title=Sr. Software Engineer, BrowserName=Chrome, Runmode=Y, Attachment=E:\Selenium\OrangeHRM\OrangeHRMS_DDF_Framework\extentreports\abc.xml, Old Job Title=Sr. Software Engineer, Duplicate=N, Job Specification=Replace Current}]]>
              </value>
            </param>
          </params>
          <exception class="org.testng.SkipException">
            <message>
              <![CDATA[Skipping as Test Case Runmode is No]]>
            </message>
            <full-stacktrace>
              <![CDATA[org.testng.SkipException: Skipping as Test Case Runmode is No
	at com.hrms.orangehrms.project.testcases.Admin_JobConfigTest.editJobTitleTest(Admin_JobConfigTest.java:226)
	at sun.reflect.NativeMethodAccessorImpl.invoke0(Native Method)
	at sun.reflect.NativeMethodAccessorImpl.invoke(Unknown Source)
	at sun.reflect.DelegatingMethodAccessorImpl.invoke(Unknown Source)
	at java.lang.reflect.Method.invoke(Unknown Source)
	at org.testng.internal.MethodInvocationHelper.invokeMethod(MethodInvocationHelper.java:86)
	at org.testng.internal.Invoker.invokeMethod(Invoker.java:643)
	at org.testng.internal.Invoker.invokeTestMethod(Invoker.java:820)
	at org.testng.internal.Invoker.invokeTestMethods(Invoker.java:1128)
	at org.testng.internal.TestMethodWorker.invokeTestMethods(TestMethodWorker.java:129)
	at org.testng.internal.TestMethodWorker.run(TestMethodWorker.java:112)
	at org.testng.TestRunner.privateRun(TestRunner.java:782)
	at org.testng.TestRunner.run(TestRunner.java:632)
	at org.testng.SuiteRunner.runTest(SuiteRunner.java:366)
	at org.testng.SuiteRunner.runSequentially(SuiteRunner.java:361)
	at org.testng.SuiteRunner.privateRun(SuiteRunner.java:319)
	at org.testng.SuiteRunner.run(SuiteRunner.java:268)
	at org.testng.SuiteRunnerWorker.runSuite(SuiteRunnerWorker.java:52)
	at org.testng.SuiteRunnerWorker.run(SuiteRunnerWorker.java:86)
	at org.testng.TestNG.runSuitesSequentially(TestNG.java:1244)
	at org.testng.TestNG.runSuitesLocally(TestNG.java:1169)
	at org.testng.TestNG.run(TestNG.java:1064)
	at org.testng.remote.RemoteTestNG.run(RemoteTestNG.java:113)
	at org.testng.remote.RemoteTestNG.initAndRun(RemoteTestNG.java:206)
	at org.testng.remote.RemoteTestNG.main(RemoteTestNG.java:177)
]]>
            </full-stacktrace>
          </exception> <!-- org.testng.SkipException -->
          <reporter-output>
          </reporter-output>
        </test-method> <!-- editJobTitleTest -->
        <test-method status="PASS" signature="destroy()[pri:0, instance:com.hrms.orangehrms.project.testcases.Admin_JobConfigTest@56ac3a89]" name="destroy" is-config="true" duration-ms="1" started-at="2016-09-10T07:49:50Z" finished-at="2016-09-10T07:49:50Z">
          <reporter-output>
          </reporter-output>
        </test-method> <!-- destroy -->
        <test-method status="SKIP" signature="editJobTitleTest(java.util.Hashtable)[pri:0, instance:com.hrms.orangehrms.project.testcases.Admin_JobConfigTest@56ac3a89]" name="editJobTitleTest" duration-ms="1" started-at="2016-09-10T07:49:50Z" data-provider="getEditData" finished-at="2016-09-10T07:49:50Z">
          <params>
            <param index="0">
              <value>
                <![CDATA[{New Job Title=QA Engineer, BrowserName=Chrome, Runmode=Y, Attachment=, Old Job Title=QA Engineer, Duplicate=N, Job Specification=Delete Current}]]>
              </value>
            </param>
          </params>
          <exception class="org.testng.SkipException">
            <message>
              <![CDATA[Skipping as Test Case Runmode is No]]>
            </message>
            <full-stacktrace>
              <![CDATA[org.testng.SkipException: Skipping as Test Case Runmode is No
	at com.hrms.orangehrms.project.testcases.Admin_JobConfigTest.editJobTitleTest(Admin_JobConfigTest.java:226)
	at sun.reflect.NativeMethodAccessorImpl.invoke0(Native Method)
	at sun.reflect.NativeMethodAccessorImpl.invoke(Unknown Source)
	at sun.reflect.DelegatingMethodAccessorImpl.invoke(Unknown Source)
	at java.lang.reflect.Method.invoke(Unknown Source)
	at org.testng.internal.MethodInvocationHelper.invokeMethod(MethodInvocationHelper.java:86)
	at org.testng.internal.Invoker.invokeMethod(Invoker.java:643)
	at org.testng.internal.Invoker.invokeTestMethod(Invoker.java:820)
	at org.testng.internal.Invoker.invokeTestMethods(Invoker.java:1128)
	at org.testng.internal.TestMethodWorker.invokeTestMethods(TestMethodWorker.java:129)
	at org.testng.internal.TestMethodWorker.run(TestMethodWorker.java:112)
	at org.testng.TestRunner.privateRun(TestRunner.java:782)
	at org.testng.TestRunner.run(TestRunner.java:632)
	at org.testng.SuiteRunner.runTest(SuiteRunner.java:366)
	at org.testng.SuiteRunner.runSequentially(SuiteRunner.java:361)
	at org.testng.SuiteRunner.privateRun(SuiteRunner.java:319)
	at org.testng.SuiteRunner.run(SuiteRunner.java:268)
	at org.testng.SuiteRunnerWorker.runSuite(SuiteRunnerWorker.java:52)
	at org.testng.SuiteRunnerWorker.run(SuiteRunnerWorker.java:86)
	at org.testng.TestNG.runSuitesSequentially(TestNG.java:1244)
	at org.testng.TestNG.runSuitesLocally(TestNG.java:1169)
	at org.testng.TestNG.run(TestNG.java:1064)
	at org.testng.remote.RemoteTestNG.run(RemoteTestNG.java:113)
	at org.testng.remote.RemoteTestNG.initAndRun(RemoteTestNG.java:206)
	at org.testng.remote.RemoteTestNG.main(RemoteTestNG.java:177)
]]>
            </full-stacktrace>
          </exception> <!-- org.testng.SkipException -->
          <reporter-output>
          </reporter-output>
        </test-method> <!-- editJobTitleTest -->
        <test-method status="PASS" signature="create()[pri:0, instance:com.hrms.orangehrms.project.testcases.Admin_JobConfigTest@56ac3a89]" name="create" is-config="true" duration-ms="0" started-at="2016-09-10T07:49:50Z" finished-at="2016-09-10T07:49:50Z">
          <reporter-output>
          </reporter-output>
        </test-method> <!-- create -->
        <test-method status="PASS" signature="destroy()[pri:0, instance:com.hrms.orangehrms.project.testcases.Admin_JobConfigTest@56ac3a89]" name="destroy" is-config="true" duration-ms="0" started-at="2016-09-10T07:49:50Z" finished-at="2016-09-10T07:49:50Z">
          <reporter-output>
          </reporter-output>
        </test-method> <!-- destroy -->
        <test-method status="PASS" signature="tearDown()[pri:0, instance:com.hrms.orangehrms.project.testcases.Admin_JobConfigTest@56ac3a89]" name="tearDown" is-config="true" duration-ms="1281" started-at="2016-09-10T07:49:50Z" finished-at="2016-09-10T07:49:51Z">
          <reporter-output>
          </reporter-output>
        </test-method> <!-- tearDown -->
      </class> <!-- com.hrms.orangehrms.project.testcases.Admin_JobConfigTest -->
    </test> <!-- Default test -->
  </suite> <!-- Default suite -->
</testng-results>
